[2025-07-29T14:52:24.926+0000] {taskinstance.py:1956} INFO - Dependencies all met for dep_context=non-requeueable deps ti=<TaskInstance: bids_subjects_6040.upload_bids_data_to_es manual__2025-07-29T14:52:22.463110+00:00 [queued]>
[2025-07-29T14:52:24.934+0000] {taskinstance.py:1956} INFO - Dependencies all met for dep_context=requeueable deps ti=<TaskInstance: bids_subjects_6040.upload_bids_data_to_es manual__2025-07-29T14:52:22.463110+00:00 [queued]>
[2025-07-29T14:52:24.936+0000] {taskinstance.py:2170} INFO - Starting attempt 1 of 1
[2025-07-29T14:52:24.949+0000] {taskinstance.py:2191} INFO - Executing <Task(PythonOperator): upload_bids_data_to_es> on 2025-07-29 14:52:22.463110+00:00
[2025-07-29T14:52:24.959+0000] {standard_task_runner.py:60} INFO - Started process 53 to run task
[2025-07-29T14:52:24.962+0000] {standard_task_runner.py:87} INFO - Running: ['***', 'tasks', 'run', 'bids_subjects_6040', 'upload_bids_data_to_es', 'manual__2025-07-29T14:52:22.463110+00:00', '--job-id', '21', '--raw', '--subdir', 'DAGS_FOLDER/subject_6040_dag.py', '--cfg-path', '/tmp/tmpgy0gk7h5']
[2025-07-29T14:52:24.965+0000] {standard_task_runner.py:88} INFO - Job 21: Subtask upload_bids_data_to_es
[2025-07-29T14:52:24.984+0000] {warnings.py:109} WARNING - /home/***/.local/lib/python3.8/site-packages/***/settings.py:194: DeprecationWarning: The sql_alchemy_conn option in [core] has been moved to the sql_alchemy_conn option in [database] - the old setting has been used, but please update your config.
  SQL_ALCHEMY_CONN = conf.get("database", "SQL_ALCHEMY_CONN")

[2025-07-29T14:52:25.033+0000] {task_command.py:423} INFO - Running <TaskInstance: bids_subjects_6040.upload_bids_data_to_es manual__2025-07-29T14:52:22.463110+00:00 [running]> on host 6b8fcca183c1
[2025-07-29T14:52:25.121+0000] {taskinstance.py:2480} INFO - Exporting env vars: AIRFLOW_CTX_DAG_OWNER='***' AIRFLOW_CTX_DAG_ID='bids_subjects_6040' AIRFLOW_CTX_TASK_ID='upload_bids_data_to_es' AIRFLOW_CTX_EXECUTION_DATE='2025-07-29T14:52:22.463110+00:00' AIRFLOW_CTX_TRY_NUMBER='1' AIRFLOW_CTX_DAG_RUN_ID='manual__2025-07-29T14:52:22.463110+00:00'
[2025-07-29T14:52:51.721+0000] {_transport.py:335} INFO - HEAD http://elasticsearch:9200/ [status:200 duration:0.004s]
[2025-07-29T14:52:51.724+0000] {_transport.py:335} INFO - HEAD http://elasticsearch:9200/subject_6040 [status:200 duration:0.002s]
[2025-07-29T14:52:51.784+0000] {_transport.py:335} INFO - DELETE http://elasticsearch:9200/subject_6040 [status:200 duration:0.059s]
[2025-07-29T14:52:51.918+0000] {_transport.py:335} INFO - PUT http://elasticsearch:9200/subject_6040 [status:200 duration:0.132s]
[2025-07-29T14:52:51.942+0000] {_transport.py:335} INFO - PUT http://elasticsearch:9200/_bulk [status:200 duration:0.022s]
[2025-07-29T14:52:51.944+0000] {taskinstance.py:2698} ERROR - Task failed with exception
Traceback (most recent call last):
  File "/home/airflow/.local/lib/python3.8/site-packages/airflow/models/taskinstance.py", line 433, in _execute_task
    result = execute_callable(context=context, **execute_callable_kwargs)
  File "/home/airflow/.local/lib/python3.8/site-packages/airflow/operators/python.py", line 199, in execute
    return_value = self.execute_callable()
  File "/home/airflow/.local/lib/python3.8/site-packages/airflow/operators/python.py", line 216, in execute_callable
    return self.python_callable(*self.op_args, **self.op_kwargs)
  File "/opt/airflow/dags/subject_6040_dag.py", line 76, in upload_to_elasticsearch
    bulk(es, actions)
  File "/home/airflow/.local/lib/python3.8/site-packages/elasticsearch/helpers/actions.py", line 521, in bulk
    for ok, item in streaming_bulk(
  File "/home/airflow/.local/lib/python3.8/site-packages/elasticsearch/helpers/actions.py", line 436, in streaming_bulk
    for data, (ok, info) in zip(
  File "/home/airflow/.local/lib/python3.8/site-packages/elasticsearch/helpers/actions.py", line 355, in _process_bulk_chunk
    yield from gen
  File "/home/airflow/.local/lib/python3.8/site-packages/elasticsearch/helpers/actions.py", line 274, in _process_bulk_chunk_success
    raise BulkIndexError(f"{len(errors)} document(s) failed to index.", errors)
elasticsearch.helpers.BulkIndexError: 28 document(s) failed to index.
[2025-07-29T14:52:51.958+0000] {taskinstance.py:1138} INFO - Marking task as FAILED. dag_id=bids_subjects_6040, task_id=upload_bids_data_to_es, execution_date=20250729T145222, start_date=20250729T145224, end_date=20250729T145251
[2025-07-29T14:52:51.973+0000] {standard_task_runner.py:107} ERROR - Failed to execute job 21 for task upload_bids_data_to_es (28 document(s) failed to index.; 53)
[2025-07-29T14:52:52.002+0000] {local_task_job_runner.py:234} INFO - Task exited with return code 1
[2025-07-29T14:52:52.016+0000] {taskinstance.py:3280} INFO - 0 downstream tasks scheduled from follow-on schedule check
