[2025-07-28T17:28:25.190+0000] {taskinstance.py:1956} INFO - Dependencies all met for dep_context=non-requeueable deps ti=<TaskInstance: bids_subjects_6040.upload_bids_data_to_es manual__2025-07-28T17:28:21.914437+00:00 [queued]>
[2025-07-28T17:28:25.197+0000] {taskinstance.py:1956} INFO - Dependencies all met for dep_context=requeueable deps ti=<TaskInstance: bids_subjects_6040.upload_bids_data_to_es manual__2025-07-28T17:28:21.914437+00:00 [queued]>
[2025-07-28T17:28:25.198+0000] {taskinstance.py:2170} INFO - Starting attempt 1 of 1
[2025-07-28T17:28:25.210+0000] {taskinstance.py:2191} INFO - Executing <Task(PythonOperator): upload_bids_data_to_es> on 2025-07-28 17:28:21.914437+00:00
[2025-07-28T17:28:25.217+0000] {standard_task_runner.py:60} INFO - Started process 54 to run task
[2025-07-28T17:28:25.222+0000] {standard_task_runner.py:87} INFO - Running: ['***', 'tasks', 'run', 'bids_subjects_6040', 'upload_bids_data_to_es', 'manual__2025-07-28T17:28:21.914437+00:00', '--job-id', '17', '--raw', '--subdir', 'DAGS_FOLDER/subject_6040_dag.py', '--cfg-path', '/tmp/tmpzpqsqnz1']
[2025-07-28T17:28:25.224+0000] {standard_task_runner.py:88} INFO - Job 17: Subtask upload_bids_data_to_es
[2025-07-28T17:28:25.241+0000] {warnings.py:109} WARNING - /home/***/.local/lib/python3.8/site-packages/***/settings.py:194: DeprecationWarning: The sql_alchemy_conn option in [core] has been moved to the sql_alchemy_conn option in [database] - the old setting has been used, but please update your config.
  SQL_ALCHEMY_CONN = conf.get("database", "SQL_ALCHEMY_CONN")

[2025-07-28T17:28:25.278+0000] {task_command.py:423} INFO - Running <TaskInstance: bids_subjects_6040.upload_bids_data_to_es manual__2025-07-28T17:28:21.914437+00:00 [running]> on host 6b8fcca183c1
[2025-07-28T17:28:25.352+0000] {taskinstance.py:2480} INFO - Exporting env vars: AIRFLOW_CTX_DAG_OWNER='***' AIRFLOW_CTX_DAG_ID='bids_subjects_6040' AIRFLOW_CTX_TASK_ID='upload_bids_data_to_es' AIRFLOW_CTX_EXECUTION_DATE='2025-07-28T17:28:21.914437+00:00' AIRFLOW_CTX_TRY_NUMBER='1' AIRFLOW_CTX_DAG_RUN_ID='manual__2025-07-28T17:28:21.914437+00:00'
[2025-07-28T17:28:44.659+0000] {_transport.py:335} INFO - HEAD http://elasticsearch:9200/ [status:200 duration:0.005s]
[2025-07-28T17:28:44.662+0000] {_transport.py:335} INFO - HEAD http://elasticsearch:9200/subject_6040 [status:200 duration:0.002s]
[2025-07-28T17:28:44.731+0000] {_transport.py:335} INFO - DELETE http://elasticsearch:9200/subject_6040 [status:200 duration:0.068s]
[2025-07-28T17:28:44.894+0000] {_transport.py:335} INFO - PUT http://elasticsearch:9200/subject_6040 [status:200 duration:0.161s]
[2025-07-28T17:28:44.962+0000] {_transport.py:335} INFO - PUT http://elasticsearch:9200/_bulk [status:200 duration:0.066s]
[2025-07-28T17:28:44.964+0000] {python.py:201} INFO - Done. Returned value was: None
[2025-07-28T17:28:44.976+0000] {taskinstance.py:1138} INFO - Marking task as SUCCESS. dag_id=bids_subjects_6040, task_id=upload_bids_data_to_es, execution_date=20250728T172821, start_date=20250728T172825, end_date=20250728T172844
[2025-07-28T17:28:45.042+0000] {local_task_job_runner.py:234} INFO - Task exited with return code 0
[2025-07-28T17:28:45.059+0000] {taskinstance.py:3280} INFO - 0 downstream tasks scheduled from follow-on schedule check
