[2025-08-12T14:35:13.003+0000] {processor.py:161} INFO - Started process (PID=5732) to work on /opt/airflow/dags/file_6040_dag.py
[2025-08-12T14:35:13.004+0000] {processor.py:830} INFO - Processing file /opt/airflow/dags/file_6040_dag.py for tasks to queue
[2025-08-12T14:35:13.005+0000] {logging_mixin.py:188} INFO - [2025-08-12T14:35:13.005+0000] {dagbag.py:538} INFO - Filling up the DagBag from /opt/airflow/dags/file_6040_dag.py
[2025-08-12T14:35:13.651+0000] {processor.py:840} INFO - DAG(s) 'bids_files_6040' retrieved from /opt/airflow/dags/file_6040_dag.py
[2025-08-12T14:35:13.862+0000] {logging_mixin.py:188} INFO - [2025-08-12T14:35:13.862+0000] {override.py:1769} INFO - Created Permission View: can delete on DAG:bids_files_6040
[2025-08-12T14:35:13.874+0000] {logging_mixin.py:188} INFO - [2025-08-12T14:35:13.873+0000] {override.py:1769} INFO - Created Permission View: can edit on DAG:bids_files_6040
[2025-08-12T14:35:13.886+0000] {logging_mixin.py:188} INFO - [2025-08-12T14:35:13.886+0000] {override.py:1769} INFO - Created Permission View: can read on DAG:bids_files_6040
[2025-08-12T14:35:13.888+0000] {logging_mixin.py:188} INFO - [2025-08-12T14:35:13.887+0000] {dag.py:3036} INFO - Sync 1 DAGs
[2025-08-12T14:35:13.904+0000] {logging_mixin.py:188} INFO - [2025-08-12T14:35:13.904+0000] {dag.py:3058} INFO - Creating ORM DAG for bids_files_6040
[2025-08-12T14:35:13.919+0000] {logging_mixin.py:188} INFO - [2025-08-12T14:35:13.919+0000] {dag.py:3823} INFO - Setting next_dagrun for bids_files_6040 to 2025-08-11 00:00:00+00:00, run_after=2025-08-12 00:00:00+00:00
[2025-08-12T14:35:13.955+0000] {processor.py:183} INFO - Processing /opt/airflow/dags/file_6040_dag.py took 0.955 seconds
[2025-08-12T14:35:14.358+0000] {processor.py:161} INFO - Started process (PID=5734) to work on /opt/airflow/dags/file_6040_dag.py
[2025-08-12T14:35:14.360+0000] {processor.py:830} INFO - Processing file /opt/airflow/dags/file_6040_dag.py for tasks to queue
[2025-08-12T14:35:14.361+0000] {logging_mixin.py:188} INFO - [2025-08-12T14:35:14.361+0000] {dagbag.py:538} INFO - Filling up the DagBag from /opt/airflow/dags/file_6040_dag.py
[2025-08-12T14:35:14.944+0000] {processor.py:840} INFO - DAG(s) 'bids_files_6040' retrieved from /opt/airflow/dags/file_6040_dag.py
[2025-08-12T14:35:14.956+0000] {logging_mixin.py:188} INFO - [2025-08-12T14:35:14.955+0000] {dag.py:3036} INFO - Sync 1 DAGs
[2025-08-12T14:35:14.974+0000] {logging_mixin.py:188} INFO - [2025-08-12T14:35:14.974+0000] {dag.py:3823} INFO - Setting next_dagrun for bids_files_6040 to 2025-08-11 00:00:00+00:00, run_after=2025-08-12 00:00:00+00:00
[2025-08-12T14:35:15.001+0000] {processor.py:183} INFO - Processing /opt/airflow/dags/file_6040_dag.py took 0.647 seconds
[2025-08-12T14:35:17.115+0000] {processor.py:161} INFO - Started process (PID=5736) to work on /opt/airflow/dags/file_6040_dag.py
[2025-08-12T14:35:17.116+0000] {processor.py:830} INFO - Processing file /opt/airflow/dags/file_6040_dag.py for tasks to queue
[2025-08-12T14:35:17.117+0000] {logging_mixin.py:188} INFO - [2025-08-12T14:35:17.117+0000] {dagbag.py:538} INFO - Filling up the DagBag from /opt/airflow/dags/file_6040_dag.py
[2025-08-12T14:35:17.715+0000] {processor.py:840} INFO - DAG(s) 'bids_files_6040' retrieved from /opt/airflow/dags/file_6040_dag.py
[2025-08-12T14:35:17.727+0000] {logging_mixin.py:188} INFO - [2025-08-12T14:35:17.726+0000] {dag.py:3036} INFO - Sync 1 DAGs
[2025-08-12T14:35:17.746+0000] {logging_mixin.py:188} INFO - [2025-08-12T14:35:17.746+0000] {dag.py:3823} INFO - Setting next_dagrun for bids_files_6040 to 2025-08-11 00:00:00+00:00, run_after=2025-08-12 00:00:00+00:00
[2025-08-12T14:35:17.780+0000] {processor.py:183} INFO - Processing /opt/airflow/dags/file_6040_dag.py took 0.668 seconds
[2025-08-12T14:35:44.062+0000] {processor.py:161} INFO - Started process (PID=5740) to work on /opt/airflow/dags/file_6040_dag.py
[2025-08-12T14:35:44.063+0000] {processor.py:830} INFO - Processing file /opt/airflow/dags/file_6040_dag.py for tasks to queue
[2025-08-12T14:35:44.065+0000] {logging_mixin.py:188} INFO - [2025-08-12T14:35:44.065+0000] {dagbag.py:538} INFO - Filling up the DagBag from /opt/airflow/dags/file_6040_dag.py
[2025-08-12T14:35:44.577+0000] {processor.py:840} INFO - DAG(s) 'bids_files_6040' retrieved from /opt/airflow/dags/file_6040_dag.py
[2025-08-12T14:35:44.659+0000] {logging_mixin.py:188} INFO - [2025-08-12T14:35:44.659+0000] {dag.py:3036} INFO - Sync 1 DAGs
[2025-08-12T14:35:44.673+0000] {logging_mixin.py:188} INFO - [2025-08-12T14:35:44.672+0000] {dag.py:3823} INFO - Setting next_dagrun for bids_files_6040 to 2025-08-11 00:00:00+00:00, run_after=2025-08-12 00:00:00+00:00
[2025-08-12T14:35:44.702+0000] {processor.py:183} INFO - Processing /opt/airflow/dags/file_6040_dag.py took 0.644 seconds
[2025-08-12T14:35:51.922+0000] {processor.py:161} INFO - Started process (PID=5742) to work on /opt/airflow/dags/file_6040_dag.py
[2025-08-12T14:35:51.924+0000] {processor.py:830} INFO - Processing file /opt/airflow/dags/file_6040_dag.py for tasks to queue
[2025-08-12T14:35:51.926+0000] {logging_mixin.py:188} INFO - [2025-08-12T14:35:51.926+0000] {dagbag.py:538} INFO - Filling up the DagBag from /opt/airflow/dags/file_6040_dag.py
[2025-08-12T14:35:52.572+0000] {processor.py:840} INFO - DAG(s) 'bids_files_6040' retrieved from /opt/airflow/dags/file_6040_dag.py
[2025-08-12T14:35:52.585+0000] {logging_mixin.py:188} INFO - [2025-08-12T14:35:52.584+0000] {dag.py:3036} INFO - Sync 1 DAGs
[2025-08-12T14:35:52.610+0000] {logging_mixin.py:188} INFO - [2025-08-12T14:35:52.610+0000] {dag.py:3823} INFO - Setting next_dagrun for bids_files_6040 to 2025-08-11 00:00:00+00:00, run_after=2025-08-12 00:00:00+00:00
[2025-08-12T14:35:52.641+0000] {processor.py:183} INFO - Processing /opt/airflow/dags/file_6040_dag.py took 0.723 seconds
[2025-08-12T14:35:54.757+0000] {processor.py:161} INFO - Started process (PID=5744) to work on /opt/airflow/dags/file_6040_dag.py
[2025-08-12T14:35:54.758+0000] {processor.py:830} INFO - Processing file /opt/airflow/dags/file_6040_dag.py for tasks to queue
[2025-08-12T14:35:54.760+0000] {logging_mixin.py:188} INFO - [2025-08-12T14:35:54.759+0000] {dagbag.py:538} INFO - Filling up the DagBag from /opt/airflow/dags/file_6040_dag.py
[2025-08-12T14:35:55.241+0000] {processor.py:840} INFO - DAG(s) 'bids_files_6040' retrieved from /opt/airflow/dags/file_6040_dag.py
[2025-08-12T14:35:55.253+0000] {logging_mixin.py:188} INFO - [2025-08-12T14:35:55.252+0000] {dag.py:3036} INFO - Sync 1 DAGs
[2025-08-12T14:35:55.269+0000] {logging_mixin.py:188} INFO - [2025-08-12T14:35:55.269+0000] {dag.py:3823} INFO - Setting next_dagrun for bids_files_6040 to 2025-08-11 00:00:00+00:00, run_after=2025-08-12 00:00:00+00:00
[2025-08-12T14:35:55.293+0000] {processor.py:183} INFO - Processing /opt/airflow/dags/file_6040_dag.py took 0.540 seconds
[2025-08-12T14:36:25.494+0000] {processor.py:161} INFO - Started process (PID=5750) to work on /opt/airflow/dags/file_6040_dag.py
[2025-08-12T14:36:25.496+0000] {processor.py:830} INFO - Processing file /opt/airflow/dags/file_6040_dag.py for tasks to queue
[2025-08-12T14:36:25.497+0000] {logging_mixin.py:188} INFO - [2025-08-12T14:36:25.497+0000] {dagbag.py:538} INFO - Filling up the DagBag from /opt/airflow/dags/file_6040_dag.py
[2025-08-12T14:36:26.044+0000] {processor.py:840} INFO - DAG(s) 'bids_files_6040' retrieved from /opt/airflow/dags/file_6040_dag.py
[2025-08-12T14:36:26.121+0000] {logging_mixin.py:188} INFO - [2025-08-12T14:36:26.120+0000] {dag.py:3036} INFO - Sync 1 DAGs
[2025-08-12T14:36:26.135+0000] {logging_mixin.py:188} INFO - [2025-08-12T14:36:26.134+0000] {dag.py:3823} INFO - Setting next_dagrun for bids_files_6040 to 2025-08-11 00:00:00+00:00, run_after=2025-08-12 00:00:00+00:00
[2025-08-12T14:36:26.158+0000] {processor.py:183} INFO - Processing /opt/airflow/dags/file_6040_dag.py took 0.667 seconds
[2025-08-12T14:36:56.322+0000] {processor.py:161} INFO - Started process (PID=5760) to work on /opt/airflow/dags/file_6040_dag.py
[2025-08-12T14:36:56.323+0000] {processor.py:830} INFO - Processing file /opt/airflow/dags/file_6040_dag.py for tasks to queue
[2025-08-12T14:36:56.325+0000] {logging_mixin.py:188} INFO - [2025-08-12T14:36:56.324+0000] {dagbag.py:538} INFO - Filling up the DagBag from /opt/airflow/dags/file_6040_dag.py
[2025-08-12T14:36:56.791+0000] {processor.py:840} INFO - DAG(s) 'bids_files_6040' retrieved from /opt/airflow/dags/file_6040_dag.py
[2025-08-12T14:36:56.817+0000] {logging_mixin.py:188} INFO - [2025-08-12T14:36:56.817+0000] {dag.py:3036} INFO - Sync 1 DAGs
[2025-08-12T14:36:56.837+0000] {logging_mixin.py:188} INFO - [2025-08-12T14:36:56.836+0000] {dag.py:3823} INFO - Setting next_dagrun for bids_files_6040 to 2025-08-11 00:00:00+00:00, run_after=2025-08-12 00:00:00+00:00
[2025-08-12T14:36:56.857+0000] {processor.py:183} INFO - Processing /opt/airflow/dags/file_6040_dag.py took 0.539 seconds
[2025-08-12T14:37:10.815+0000] {processor.py:161} INFO - Started process (PID=5766) to work on /opt/airflow/dags/file_6040_dag.py
[2025-08-12T14:37:10.817+0000] {processor.py:830} INFO - Processing file /opt/airflow/dags/file_6040_dag.py for tasks to queue
[2025-08-12T14:37:10.818+0000] {logging_mixin.py:188} INFO - [2025-08-12T14:37:10.818+0000] {dagbag.py:538} INFO - Filling up the DagBag from /opt/airflow/dags/file_6040_dag.py
[2025-08-12T14:37:11.392+0000] {logging_mixin.py:188} INFO - [2025-08-12T14:37:11.387+0000] {dagbag.py:348} ERROR - Failed to import: /opt/airflow/dags/file_6040_dag.py
Traceback (most recent call last):
  File "/home/airflow/.local/lib/python3.8/site-packages/airflow/models/dagbag.py", line 344, in parse
    loader.exec_module(new_module)
  File "<frozen importlib._bootstrap_external>", line 843, in exec_module
  File "<frozen importlib._bootstrap>", line 219, in _call_with_frames_removed
  File "/opt/airflow/dags/file_6040_dag.py", line 72, in <module>
    python_callable=upload_ds006040_to_elasticsearch,
NameError: name 'upload_ds006040_to_elasticsearch' is not defined
[2025-08-12T14:37:11.395+0000] {processor.py:842} WARNING - No viable dags retrieved from /opt/airflow/dags/file_6040_dag.py
[2025-08-12T14:37:11.416+0000] {processor.py:183} INFO - Processing /opt/airflow/dags/file_6040_dag.py took 0.604 seconds
[2025-08-12T14:37:16.577+0000] {processor.py:161} INFO - Started process (PID=5768) to work on /opt/airflow/dags/file_6040_dag.py
[2025-08-12T14:37:16.579+0000] {processor.py:830} INFO - Processing file /opt/airflow/dags/file_6040_dag.py for tasks to queue
[2025-08-12T14:37:16.580+0000] {logging_mixin.py:188} INFO - [2025-08-12T14:37:16.580+0000] {dagbag.py:538} INFO - Filling up the DagBag from /opt/airflow/dags/file_6040_dag.py
[2025-08-12T14:37:17.129+0000] {logging_mixin.py:188} INFO - [2025-08-12T14:37:17.121+0000] {dagbag.py:348} ERROR - Failed to import: /opt/airflow/dags/file_6040_dag.py
Traceback (most recent call last):
  File "/home/airflow/.local/lib/python3.8/site-packages/airflow/models/dagbag.py", line 344, in parse
    loader.exec_module(new_module)
  File "<frozen importlib._bootstrap_external>", line 843, in exec_module
  File "<frozen importlib._bootstrap>", line 219, in _call_with_frames_removed
  File "/opt/airflow/dags/file_6040_dag.py", line 72, in <module>
    python_callable=upload_ds006040_to_elasticsearch,
NameError: name 'upload_ds006040_to_elasticsearch' is not defined
[2025-08-12T14:37:17.131+0000] {processor.py:842} WARNING - No viable dags retrieved from /opt/airflow/dags/file_6040_dag.py
[2025-08-12T14:37:17.151+0000] {processor.py:183} INFO - Processing /opt/airflow/dags/file_6040_dag.py took 0.577 seconds
[2025-08-12T14:37:22.336+0000] {processor.py:161} INFO - Started process (PID=5770) to work on /opt/airflow/dags/file_6040_dag.py
[2025-08-12T14:37:22.338+0000] {processor.py:830} INFO - Processing file /opt/airflow/dags/file_6040_dag.py for tasks to queue
[2025-08-12T14:37:22.340+0000] {logging_mixin.py:188} INFO - [2025-08-12T14:37:22.339+0000] {dagbag.py:538} INFO - Filling up the DagBag from /opt/airflow/dags/file_6040_dag.py
[2025-08-12T14:37:22.899+0000] {processor.py:840} INFO - DAG(s) 'bids_files_6040' retrieved from /opt/airflow/dags/file_6040_dag.py
[2025-08-12T14:37:22.921+0000] {logging_mixin.py:188} INFO - [2025-08-12T14:37:22.920+0000] {dag.py:3036} INFO - Sync 1 DAGs
[2025-08-12T14:37:22.937+0000] {logging_mixin.py:188} INFO - [2025-08-12T14:37:22.937+0000] {dag.py:3823} INFO - Setting next_dagrun for bids_files_6040 to 2025-08-11 00:00:00+00:00, run_after=2025-08-12 00:00:00+00:00
[2025-08-12T14:37:22.970+0000] {processor.py:183} INFO - Processing /opt/airflow/dags/file_6040_dag.py took 0.638 seconds
[2025-08-12T14:37:53.595+0000] {processor.py:161} INFO - Started process (PID=5774) to work on /opt/airflow/dags/file_6040_dag.py
[2025-08-12T14:37:53.596+0000] {processor.py:830} INFO - Processing file /opt/airflow/dags/file_6040_dag.py for tasks to queue
[2025-08-12T14:37:53.597+0000] {logging_mixin.py:188} INFO - [2025-08-12T14:37:53.597+0000] {dagbag.py:538} INFO - Filling up the DagBag from /opt/airflow/dags/file_6040_dag.py
[2025-08-12T14:37:54.069+0000] {processor.py:840} INFO - DAG(s) 'bids_files_6040' retrieved from /opt/airflow/dags/file_6040_dag.py
[2025-08-12T14:37:54.092+0000] {logging_mixin.py:188} INFO - [2025-08-12T14:37:54.090+0000] {dag.py:3036} INFO - Sync 1 DAGs
[2025-08-12T14:37:54.110+0000] {logging_mixin.py:188} INFO - [2025-08-12T14:37:54.110+0000] {dag.py:3823} INFO - Setting next_dagrun for bids_files_6040 to 2025-08-11 00:00:00+00:00, run_after=2025-08-12 00:00:00+00:00
[2025-08-12T14:37:54.129+0000] {processor.py:183} INFO - Processing /opt/airflow/dags/file_6040_dag.py took 0.537 seconds
[2025-08-12T14:38:24.738+0000] {processor.py:161} INFO - Started process (PID=5778) to work on /opt/airflow/dags/file_6040_dag.py
[2025-08-12T14:38:24.740+0000] {processor.py:830} INFO - Processing file /opt/airflow/dags/file_6040_dag.py for tasks to queue
[2025-08-12T14:38:24.741+0000] {logging_mixin.py:188} INFO - [2025-08-12T14:38:24.740+0000] {dagbag.py:538} INFO - Filling up the DagBag from /opt/airflow/dags/file_6040_dag.py
[2025-08-12T14:38:25.626+0000] {processor.py:840} INFO - DAG(s) 'bids_files_6040' retrieved from /opt/airflow/dags/file_6040_dag.py
[2025-08-12T14:38:25.650+0000] {logging_mixin.py:188} INFO - [2025-08-12T14:38:25.649+0000] {dag.py:3036} INFO - Sync 1 DAGs
[2025-08-12T14:38:25.672+0000] {logging_mixin.py:188} INFO - [2025-08-12T14:38:25.671+0000] {dag.py:3823} INFO - Setting next_dagrun for bids_files_6040 to 2025-08-11 00:00:00+00:00, run_after=2025-08-12 00:00:00+00:00
[2025-08-12T14:38:25.694+0000] {processor.py:183} INFO - Processing /opt/airflow/dags/file_6040_dag.py took 0.960 seconds
[2025-08-12T14:38:55.837+0000] {processor.py:161} INFO - Started process (PID=5782) to work on /opt/airflow/dags/file_6040_dag.py
[2025-08-12T14:38:55.839+0000] {processor.py:830} INFO - Processing file /opt/airflow/dags/file_6040_dag.py for tasks to queue
[2025-08-12T14:38:55.841+0000] {logging_mixin.py:188} INFO - [2025-08-12T14:38:55.841+0000] {dagbag.py:538} INFO - Filling up the DagBag from /opt/airflow/dags/file_6040_dag.py
[2025-08-12T14:38:56.488+0000] {processor.py:840} INFO - DAG(s) 'bids_files_6040' retrieved from /opt/airflow/dags/file_6040_dag.py
[2025-08-12T14:38:56.515+0000] {logging_mixin.py:188} INFO - [2025-08-12T14:38:56.515+0000] {dag.py:3036} INFO - Sync 1 DAGs
[2025-08-12T14:38:56.539+0000] {logging_mixin.py:188} INFO - [2025-08-12T14:38:56.538+0000] {dag.py:3823} INFO - Setting next_dagrun for bids_files_6040 to 2025-08-11 00:00:00+00:00, run_after=2025-08-12 00:00:00+00:00
[2025-08-12T14:38:56.554+0000] {processor.py:183} INFO - Processing /opt/airflow/dags/file_6040_dag.py took 0.721 seconds
[2025-08-12T14:39:26.753+0000] {processor.py:161} INFO - Started process (PID=5786) to work on /opt/airflow/dags/file_6040_dag.py
[2025-08-12T14:39:26.754+0000] {processor.py:830} INFO - Processing file /opt/airflow/dags/file_6040_dag.py for tasks to queue
[2025-08-12T14:39:26.754+0000] {logging_mixin.py:188} INFO - [2025-08-12T14:39:26.754+0000] {dagbag.py:538} INFO - Filling up the DagBag from /opt/airflow/dags/file_6040_dag.py
[2025-08-12T14:39:27.199+0000] {processor.py:840} INFO - DAG(s) 'bids_files_6040' retrieved from /opt/airflow/dags/file_6040_dag.py
[2025-08-12T14:39:27.222+0000] {logging_mixin.py:188} INFO - [2025-08-12T14:39:27.221+0000] {dag.py:3036} INFO - Sync 1 DAGs
[2025-08-12T14:39:27.235+0000] {logging_mixin.py:188} INFO - [2025-08-12T14:39:27.235+0000] {dag.py:3823} INFO - Setting next_dagrun for bids_files_6040 to 2025-08-11 00:00:00+00:00, run_after=2025-08-12 00:00:00+00:00
[2025-08-12T14:39:27.248+0000] {processor.py:183} INFO - Processing /opt/airflow/dags/file_6040_dag.py took 0.498 seconds
[2025-08-12T14:39:57.384+0000] {processor.py:161} INFO - Started process (PID=5790) to work on /opt/airflow/dags/file_6040_dag.py
[2025-08-12T14:39:57.387+0000] {processor.py:830} INFO - Processing file /opt/airflow/dags/file_6040_dag.py for tasks to queue
[2025-08-12T14:39:57.388+0000] {logging_mixin.py:188} INFO - [2025-08-12T14:39:57.388+0000] {dagbag.py:538} INFO - Filling up the DagBag from /opt/airflow/dags/file_6040_dag.py
[2025-08-12T14:39:58.080+0000] {processor.py:840} INFO - DAG(s) 'bids_files_6040' retrieved from /opt/airflow/dags/file_6040_dag.py
[2025-08-12T14:39:58.107+0000] {logging_mixin.py:188} INFO - [2025-08-12T14:39:58.107+0000] {dag.py:3036} INFO - Sync 1 DAGs
[2025-08-12T14:39:58.124+0000] {logging_mixin.py:188} INFO - [2025-08-12T14:39:58.123+0000] {dag.py:3823} INFO - Setting next_dagrun for bids_files_6040 to 2025-08-11 00:00:00+00:00, run_after=2025-08-12 00:00:00+00:00
[2025-08-12T14:39:58.144+0000] {processor.py:183} INFO - Processing /opt/airflow/dags/file_6040_dag.py took 0.764 seconds
[2025-08-12T14:40:28.836+0000] {processor.py:161} INFO - Started process (PID=5798) to work on /opt/airflow/dags/file_6040_dag.py
[2025-08-12T14:40:28.838+0000] {processor.py:830} INFO - Processing file /opt/airflow/dags/file_6040_dag.py for tasks to queue
[2025-08-12T14:40:28.840+0000] {logging_mixin.py:188} INFO - [2025-08-12T14:40:28.839+0000] {dagbag.py:538} INFO - Filling up the DagBag from /opt/airflow/dags/file_6040_dag.py
[2025-08-12T14:40:29.349+0000] {processor.py:840} INFO - DAG(s) 'bids_files_6040' retrieved from /opt/airflow/dags/file_6040_dag.py
[2025-08-12T14:40:29.373+0000] {logging_mixin.py:188} INFO - [2025-08-12T14:40:29.373+0000] {dag.py:3036} INFO - Sync 1 DAGs
[2025-08-12T14:40:29.387+0000] {logging_mixin.py:188} INFO - [2025-08-12T14:40:29.387+0000] {dag.py:3823} INFO - Setting next_dagrun for bids_files_6040 to 2025-08-11 00:00:00+00:00, run_after=2025-08-12 00:00:00+00:00
[2025-08-12T14:40:29.403+0000] {processor.py:183} INFO - Processing /opt/airflow/dags/file_6040_dag.py took 0.570 seconds
[2025-08-12T14:40:59.644+0000] {processor.py:161} INFO - Started process (PID=5804) to work on /opt/airflow/dags/file_6040_dag.py
[2025-08-12T14:40:59.645+0000] {processor.py:830} INFO - Processing file /opt/airflow/dags/file_6040_dag.py for tasks to queue
[2025-08-12T14:40:59.646+0000] {logging_mixin.py:188} INFO - [2025-08-12T14:40:59.646+0000] {dagbag.py:538} INFO - Filling up the DagBag from /opt/airflow/dags/file_6040_dag.py
[2025-08-12T14:41:00.118+0000] {processor.py:840} INFO - DAG(s) 'bids_files_6040' retrieved from /opt/airflow/dags/file_6040_dag.py
[2025-08-12T14:41:00.142+0000] {logging_mixin.py:188} INFO - [2025-08-12T14:41:00.141+0000] {dag.py:3036} INFO - Sync 1 DAGs
[2025-08-12T14:41:00.159+0000] {logging_mixin.py:188} INFO - [2025-08-12T14:41:00.159+0000] {dag.py:3823} INFO - Setting next_dagrun for bids_files_6040 to 2025-08-11 00:00:00+00:00, run_after=2025-08-12 00:00:00+00:00
[2025-08-12T14:41:00.177+0000] {processor.py:183} INFO - Processing /opt/airflow/dags/file_6040_dag.py took 0.535 seconds
[2025-08-12T14:41:30.371+0000] {processor.py:161} INFO - Started process (PID=5810) to work on /opt/airflow/dags/file_6040_dag.py
[2025-08-12T14:41:30.372+0000] {processor.py:830} INFO - Processing file /opt/airflow/dags/file_6040_dag.py for tasks to queue
[2025-08-12T14:41:30.373+0000] {logging_mixin.py:188} INFO - [2025-08-12T14:41:30.373+0000] {dagbag.py:538} INFO - Filling up the DagBag from /opt/airflow/dags/file_6040_dag.py
[2025-08-12T14:41:30.821+0000] {processor.py:840} INFO - DAG(s) 'bids_files_6040' retrieved from /opt/airflow/dags/file_6040_dag.py
[2025-08-12T14:41:30.843+0000] {logging_mixin.py:188} INFO - [2025-08-12T14:41:30.843+0000] {dag.py:3036} INFO - Sync 1 DAGs
[2025-08-12T14:41:30.858+0000] {logging_mixin.py:188} INFO - [2025-08-12T14:41:30.858+0000] {dag.py:3823} INFO - Setting next_dagrun for bids_files_6040 to 2025-08-11 00:00:00+00:00, run_after=2025-08-12 00:00:00+00:00
[2025-08-12T14:41:30.876+0000] {processor.py:183} INFO - Processing /opt/airflow/dags/file_6040_dag.py took 0.510 seconds
[2025-08-12T14:42:01.128+0000] {processor.py:161} INFO - Started process (PID=5818) to work on /opt/airflow/dags/file_6040_dag.py
[2025-08-12T14:42:01.129+0000] {processor.py:830} INFO - Processing file /opt/airflow/dags/file_6040_dag.py for tasks to queue
[2025-08-12T14:42:01.131+0000] {logging_mixin.py:188} INFO - [2025-08-12T14:42:01.130+0000] {dagbag.py:538} INFO - Filling up the DagBag from /opt/airflow/dags/file_6040_dag.py
[2025-08-12T14:42:01.666+0000] {processor.py:840} INFO - DAG(s) 'bids_files_6040' retrieved from /opt/airflow/dags/file_6040_dag.py
[2025-08-12T14:42:01.688+0000] {logging_mixin.py:188} INFO - [2025-08-12T14:42:01.688+0000] {dag.py:3036} INFO - Sync 1 DAGs
[2025-08-12T14:42:01.703+0000] {logging_mixin.py:188} INFO - [2025-08-12T14:42:01.702+0000] {dag.py:3823} INFO - Setting next_dagrun for bids_files_6040 to 2025-08-11 00:00:00+00:00, run_after=2025-08-12 00:00:00+00:00
[2025-08-12T14:42:01.724+0000] {processor.py:183} INFO - Processing /opt/airflow/dags/file_6040_dag.py took 0.603 seconds
[2025-08-12T14:42:31.802+0000] {processor.py:161} INFO - Started process (PID=5824) to work on /opt/airflow/dags/file_6040_dag.py
[2025-08-12T14:42:31.803+0000] {processor.py:830} INFO - Processing file /opt/airflow/dags/file_6040_dag.py for tasks to queue
[2025-08-12T14:42:31.804+0000] {logging_mixin.py:188} INFO - [2025-08-12T14:42:31.804+0000] {dagbag.py:538} INFO - Filling up the DagBag from /opt/airflow/dags/file_6040_dag.py
[2025-08-12T14:42:32.266+0000] {processor.py:840} INFO - DAG(s) 'bids_files_6040' retrieved from /opt/airflow/dags/file_6040_dag.py
[2025-08-12T14:42:32.287+0000] {logging_mixin.py:188} INFO - [2025-08-12T14:42:32.287+0000] {dag.py:3036} INFO - Sync 1 DAGs
[2025-08-12T14:42:32.301+0000] {logging_mixin.py:188} INFO - [2025-08-12T14:42:32.301+0000] {dag.py:3823} INFO - Setting next_dagrun for bids_files_6040 to 2025-08-11 00:00:00+00:00, run_after=2025-08-12 00:00:00+00:00
[2025-08-12T14:42:32.314+0000] {processor.py:183} INFO - Processing /opt/airflow/dags/file_6040_dag.py took 0.514 seconds
[2025-08-12T14:43:02.955+0000] {processor.py:161} INFO - Started process (PID=5834) to work on /opt/airflow/dags/file_6040_dag.py
[2025-08-12T14:43:02.957+0000] {processor.py:830} INFO - Processing file /opt/airflow/dags/file_6040_dag.py for tasks to queue
[2025-08-12T14:43:02.960+0000] {logging_mixin.py:188} INFO - [2025-08-12T14:43:02.960+0000] {dagbag.py:538} INFO - Filling up the DagBag from /opt/airflow/dags/file_6040_dag.py
[2025-08-12T14:43:03.641+0000] {processor.py:840} INFO - DAG(s) 'bids_files_6040' retrieved from /opt/airflow/dags/file_6040_dag.py
[2025-08-12T14:43:03.670+0000] {logging_mixin.py:188} INFO - [2025-08-12T14:43:03.670+0000] {dag.py:3036} INFO - Sync 1 DAGs
[2025-08-12T14:43:03.695+0000] {logging_mixin.py:188} INFO - [2025-08-12T14:43:03.695+0000] {dag.py:3823} INFO - Setting next_dagrun for bids_files_6040 to 2025-08-11 00:00:00+00:00, run_after=2025-08-12 00:00:00+00:00
[2025-08-12T14:43:03.723+0000] {processor.py:183} INFO - Processing /opt/airflow/dags/file_6040_dag.py took 0.777 seconds
[2025-08-12T14:43:34.044+0000] {processor.py:161} INFO - Started process (PID=5841) to work on /opt/airflow/dags/file_6040_dag.py
[2025-08-12T14:43:34.046+0000] {processor.py:830} INFO - Processing file /opt/airflow/dags/file_6040_dag.py for tasks to queue
[2025-08-12T14:43:34.048+0000] {logging_mixin.py:188} INFO - [2025-08-12T14:43:34.048+0000] {dagbag.py:538} INFO - Filling up the DagBag from /opt/airflow/dags/file_6040_dag.py
[2025-08-12T14:43:34.616+0000] {processor.py:840} INFO - DAG(s) 'bids_files_6040' retrieved from /opt/airflow/dags/file_6040_dag.py
[2025-08-12T14:43:34.639+0000] {logging_mixin.py:188} INFO - [2025-08-12T14:43:34.639+0000] {dag.py:3036} INFO - Sync 1 DAGs
[2025-08-12T14:43:34.657+0000] {logging_mixin.py:188} INFO - [2025-08-12T14:43:34.656+0000] {dag.py:3823} INFO - Setting next_dagrun for bids_files_6040 to 2025-08-11 00:00:00+00:00, run_after=2025-08-12 00:00:00+00:00
[2025-08-12T14:43:34.676+0000] {processor.py:183} INFO - Processing /opt/airflow/dags/file_6040_dag.py took 0.636 seconds
[2025-08-12T14:44:05.443+0000] {processor.py:161} INFO - Started process (PID=5852) to work on /opt/airflow/dags/file_6040_dag.py
[2025-08-12T14:44:05.444+0000] {processor.py:830} INFO - Processing file /opt/airflow/dags/file_6040_dag.py for tasks to queue
[2025-08-12T14:44:05.446+0000] {logging_mixin.py:188} INFO - [2025-08-12T14:44:05.445+0000] {dagbag.py:538} INFO - Filling up the DagBag from /opt/airflow/dags/file_6040_dag.py
[2025-08-12T14:44:06.017+0000] {processor.py:840} INFO - DAG(s) 'bids_files_6040' retrieved from /opt/airflow/dags/file_6040_dag.py
[2025-08-12T14:44:06.036+0000] {logging_mixin.py:188} INFO - [2025-08-12T14:44:06.035+0000] {dag.py:3036} INFO - Sync 1 DAGs
[2025-08-12T14:44:06.051+0000] {logging_mixin.py:188} INFO - [2025-08-12T14:44:06.051+0000] {dag.py:3823} INFO - Setting next_dagrun for bids_files_6040 to 2025-08-11 00:00:00+00:00, run_after=2025-08-12 00:00:00+00:00
[2025-08-12T14:44:06.070+0000] {processor.py:183} INFO - Processing /opt/airflow/dags/file_6040_dag.py took 0.630 seconds
[2025-08-12T14:44:36.133+0000] {processor.py:161} INFO - Started process (PID=5862) to work on /opt/airflow/dags/file_6040_dag.py
[2025-08-12T14:44:36.137+0000] {processor.py:830} INFO - Processing file /opt/airflow/dags/file_6040_dag.py for tasks to queue
[2025-08-12T14:44:36.138+0000] {logging_mixin.py:188} INFO - [2025-08-12T14:44:36.138+0000] {dagbag.py:538} INFO - Filling up the DagBag from /opt/airflow/dags/file_6040_dag.py
[2025-08-12T14:44:36.749+0000] {processor.py:840} INFO - DAG(s) 'bids_files_6040' retrieved from /opt/airflow/dags/file_6040_dag.py
[2025-08-12T14:44:36.761+0000] {logging_mixin.py:188} INFO - [2025-08-12T14:44:36.760+0000] {dag.py:3036} INFO - Sync 1 DAGs
[2025-08-12T14:44:36.784+0000] {logging_mixin.py:188} INFO - [2025-08-12T14:44:36.784+0000] {dag.py:3823} INFO - Setting next_dagrun for bids_files_6040 to 2025-08-11 00:00:00+00:00, run_after=2025-08-12 00:00:00+00:00
[2025-08-12T14:44:36.808+0000] {processor.py:183} INFO - Processing /opt/airflow/dags/file_6040_dag.py took 0.682 seconds
[2025-08-12T14:45:07.169+0000] {processor.py:161} INFO - Started process (PID=5870) to work on /opt/airflow/dags/file_6040_dag.py
[2025-08-12T14:45:07.170+0000] {processor.py:830} INFO - Processing file /opt/airflow/dags/file_6040_dag.py for tasks to queue
[2025-08-12T14:45:07.173+0000] {logging_mixin.py:188} INFO - [2025-08-12T14:45:07.172+0000] {dagbag.py:538} INFO - Filling up the DagBag from /opt/airflow/dags/file_6040_dag.py
[2025-08-12T14:45:07.814+0000] {processor.py:840} INFO - DAG(s) 'bids_files_6040' retrieved from /opt/airflow/dags/file_6040_dag.py
[2025-08-12T14:45:07.915+0000] {logging_mixin.py:188} INFO - [2025-08-12T14:45:07.914+0000] {dag.py:3036} INFO - Sync 1 DAGs
[2025-08-12T14:45:07.934+0000] {logging_mixin.py:188} INFO - [2025-08-12T14:45:07.934+0000] {dag.py:3823} INFO - Setting next_dagrun for bids_files_6040 to 2025-08-11 00:00:00+00:00, run_after=2025-08-12 00:00:00+00:00
[2025-08-12T14:45:07.962+0000] {processor.py:183} INFO - Processing /opt/airflow/dags/file_6040_dag.py took 0.797 seconds
[2025-08-12T14:45:14.840+0000] {processor.py:161} INFO - Started process (PID=5876) to work on /opt/airflow/dags/file_6040_dag.py
[2025-08-12T14:45:14.842+0000] {processor.py:830} INFO - Processing file /opt/airflow/dags/file_6040_dag.py for tasks to queue
[2025-08-12T14:45:14.845+0000] {logging_mixin.py:188} INFO - [2025-08-12T14:45:14.844+0000] {dagbag.py:538} INFO - Filling up the DagBag from /opt/airflow/dags/file_6040_dag.py
[2025-08-12T14:45:15.600+0000] {processor.py:840} INFO - DAG(s) 'bids_files_6040' retrieved from /opt/airflow/dags/file_6040_dag.py
[2025-08-12T14:45:15.612+0000] {logging_mixin.py:188} INFO - [2025-08-12T14:45:15.611+0000] {dag.py:3036} INFO - Sync 1 DAGs
[2025-08-12T14:45:15.633+0000] {logging_mixin.py:188} INFO - [2025-08-12T14:45:15.633+0000] {dag.py:3823} INFO - Setting next_dagrun for bids_files_6040 to 2025-08-11 00:00:00+00:00, run_after=2025-08-12 00:00:00+00:00
[2025-08-12T14:45:15.661+0000] {processor.py:183} INFO - Processing /opt/airflow/dags/file_6040_dag.py took 0.829 seconds
[2025-08-12T14:45:46.256+0000] {processor.py:161} INFO - Started process (PID=5888) to work on /opt/airflow/dags/file_6040_dag.py
[2025-08-12T14:45:46.257+0000] {processor.py:830} INFO - Processing file /opt/airflow/dags/file_6040_dag.py for tasks to queue
[2025-08-12T14:45:46.257+0000] {logging_mixin.py:188} INFO - [2025-08-12T14:45:46.257+0000] {dagbag.py:538} INFO - Filling up the DagBag from /opt/airflow/dags/file_6040_dag.py
[2025-08-12T14:45:46.691+0000] {processor.py:840} INFO - DAG(s) 'bids_files_6040' retrieved from /opt/airflow/dags/file_6040_dag.py
[2025-08-12T14:45:46.768+0000] {logging_mixin.py:188} INFO - [2025-08-12T14:45:46.768+0000] {dag.py:3036} INFO - Sync 1 DAGs
[2025-08-12T14:45:46.780+0000] {logging_mixin.py:188} INFO - [2025-08-12T14:45:46.780+0000] {dag.py:3823} INFO - Setting next_dagrun for bids_files_6040 to 2025-08-11 00:00:00+00:00, run_after=2025-08-12 00:00:00+00:00
[2025-08-12T14:45:46.796+0000] {processor.py:183} INFO - Processing /opt/airflow/dags/file_6040_dag.py took 0.543 seconds
[2025-08-12T14:46:17.442+0000] {processor.py:161} INFO - Started process (PID=5894) to work on /opt/airflow/dags/file_6040_dag.py
[2025-08-12T14:46:17.443+0000] {processor.py:830} INFO - Processing file /opt/airflow/dags/file_6040_dag.py for tasks to queue
[2025-08-12T14:46:17.445+0000] {logging_mixin.py:188} INFO - [2025-08-12T14:46:17.444+0000] {dagbag.py:538} INFO - Filling up the DagBag from /opt/airflow/dags/file_6040_dag.py
[2025-08-12T14:46:17.908+0000] {processor.py:840} INFO - DAG(s) 'bids_files_6040' retrieved from /opt/airflow/dags/file_6040_dag.py
[2025-08-12T14:46:17.924+0000] {logging_mixin.py:188} INFO - [2025-08-12T14:46:17.924+0000] {dag.py:3036} INFO - Sync 1 DAGs
[2025-08-12T14:46:17.937+0000] {logging_mixin.py:188} INFO - [2025-08-12T14:46:17.937+0000] {dag.py:3823} INFO - Setting next_dagrun for bids_files_6040 to 2025-08-11 00:00:00+00:00, run_after=2025-08-12 00:00:00+00:00
[2025-08-12T14:46:17.954+0000] {processor.py:183} INFO - Processing /opt/airflow/dags/file_6040_dag.py took 0.516 seconds
[2025-08-12T14:46:48.212+0000] {processor.py:161} INFO - Started process (PID=5900) to work on /opt/airflow/dags/file_6040_dag.py
[2025-08-12T14:46:48.213+0000] {processor.py:830} INFO - Processing file /opt/airflow/dags/file_6040_dag.py for tasks to queue
[2025-08-12T14:46:48.214+0000] {logging_mixin.py:188} INFO - [2025-08-12T14:46:48.214+0000] {dagbag.py:538} INFO - Filling up the DagBag from /opt/airflow/dags/file_6040_dag.py
[2025-08-12T14:46:48.729+0000] {processor.py:840} INFO - DAG(s) 'bids_files_6040' retrieved from /opt/airflow/dags/file_6040_dag.py
[2025-08-12T14:46:48.749+0000] {logging_mixin.py:188} INFO - [2025-08-12T14:46:48.748+0000] {dag.py:3036} INFO - Sync 1 DAGs
[2025-08-12T14:46:48.766+0000] {logging_mixin.py:188} INFO - [2025-08-12T14:46:48.766+0000] {dag.py:3823} INFO - Setting next_dagrun for bids_files_6040 to 2025-08-11 00:00:00+00:00, run_after=2025-08-12 00:00:00+00:00
[2025-08-12T14:46:48.784+0000] {processor.py:183} INFO - Processing /opt/airflow/dags/file_6040_dag.py took 0.575 seconds
[2025-08-12T14:47:19.420+0000] {processor.py:161} INFO - Started process (PID=5906) to work on /opt/airflow/dags/file_6040_dag.py
[2025-08-12T14:47:19.421+0000] {processor.py:830} INFO - Processing file /opt/airflow/dags/file_6040_dag.py for tasks to queue
[2025-08-12T14:47:19.422+0000] {logging_mixin.py:188} INFO - [2025-08-12T14:47:19.422+0000] {dagbag.py:538} INFO - Filling up the DagBag from /opt/airflow/dags/file_6040_dag.py
[2025-08-12T14:47:19.917+0000] {processor.py:840} INFO - DAG(s) 'bids_files_6040' retrieved from /opt/airflow/dags/file_6040_dag.py
[2025-08-12T14:47:19.940+0000] {logging_mixin.py:188} INFO - [2025-08-12T14:47:19.939+0000] {dag.py:3036} INFO - Sync 1 DAGs
[2025-08-12T14:47:19.955+0000] {logging_mixin.py:188} INFO - [2025-08-12T14:47:19.955+0000] {dag.py:3823} INFO - Setting next_dagrun for bids_files_6040 to 2025-08-11 00:00:00+00:00, run_after=2025-08-12 00:00:00+00:00
[2025-08-12T14:47:19.978+0000] {processor.py:183} INFO - Processing /opt/airflow/dags/file_6040_dag.py took 0.562 seconds
[2025-08-12T14:47:50.114+0000] {processor.py:161} INFO - Started process (PID=5912) to work on /opt/airflow/dags/file_6040_dag.py
[2025-08-12T14:47:50.115+0000] {processor.py:830} INFO - Processing file /opt/airflow/dags/file_6040_dag.py for tasks to queue
[2025-08-12T14:47:50.116+0000] {logging_mixin.py:188} INFO - [2025-08-12T14:47:50.116+0000] {dagbag.py:538} INFO - Filling up the DagBag from /opt/airflow/dags/file_6040_dag.py
[2025-08-12T14:47:50.641+0000] {processor.py:840} INFO - DAG(s) 'bids_files_6040' retrieved from /opt/airflow/dags/file_6040_dag.py
[2025-08-12T14:47:50.665+0000] {logging_mixin.py:188} INFO - [2025-08-12T14:47:50.664+0000] {dag.py:3036} INFO - Sync 1 DAGs
[2025-08-12T14:47:50.687+0000] {logging_mixin.py:188} INFO - [2025-08-12T14:47:50.686+0000] {dag.py:3823} INFO - Setting next_dagrun for bids_files_6040 to 2025-08-11 00:00:00+00:00, run_after=2025-08-12 00:00:00+00:00
[2025-08-12T14:47:50.706+0000] {processor.py:183} INFO - Processing /opt/airflow/dags/file_6040_dag.py took 0.598 seconds
[2025-08-12T14:48:20.815+0000] {processor.py:161} INFO - Started process (PID=5918) to work on /opt/airflow/dags/file_6040_dag.py
[2025-08-12T14:48:20.817+0000] {processor.py:830} INFO - Processing file /opt/airflow/dags/file_6040_dag.py for tasks to queue
[2025-08-12T14:48:20.819+0000] {logging_mixin.py:188} INFO - [2025-08-12T14:48:20.818+0000] {dagbag.py:538} INFO - Filling up the DagBag from /opt/airflow/dags/file_6040_dag.py
[2025-08-12T14:48:21.497+0000] {processor.py:840} INFO - DAG(s) 'bids_files_6040' retrieved from /opt/airflow/dags/file_6040_dag.py
[2025-08-12T14:48:21.525+0000] {logging_mixin.py:188} INFO - [2025-08-12T14:48:21.524+0000] {dag.py:3036} INFO - Sync 1 DAGs
[2025-08-12T14:48:21.549+0000] {logging_mixin.py:188} INFO - [2025-08-12T14:48:21.549+0000] {dag.py:3823} INFO - Setting next_dagrun for bids_files_6040 to 2025-08-11 00:00:00+00:00, run_after=2025-08-12 00:00:00+00:00
[2025-08-12T14:48:21.574+0000] {processor.py:183} INFO - Processing /opt/airflow/dags/file_6040_dag.py took 0.763 seconds
[2025-08-12T14:48:52.064+0000] {processor.py:161} INFO - Started process (PID=5924) to work on /opt/airflow/dags/file_6040_dag.py
[2025-08-12T14:48:52.065+0000] {processor.py:830} INFO - Processing file /opt/airflow/dags/file_6040_dag.py for tasks to queue
[2025-08-12T14:48:52.066+0000] {logging_mixin.py:188} INFO - [2025-08-12T14:48:52.066+0000] {dagbag.py:538} INFO - Filling up the DagBag from /opt/airflow/dags/file_6040_dag.py
[2025-08-12T14:48:52.536+0000] {processor.py:840} INFO - DAG(s) 'bids_files_6040' retrieved from /opt/airflow/dags/file_6040_dag.py
[2025-08-12T14:48:52.553+0000] {logging_mixin.py:188} INFO - [2025-08-12T14:48:52.553+0000] {dag.py:3036} INFO - Sync 1 DAGs
[2025-08-12T14:48:52.566+0000] {logging_mixin.py:188} INFO - [2025-08-12T14:48:52.566+0000] {dag.py:3823} INFO - Setting next_dagrun for bids_files_6040 to 2025-08-11 00:00:00+00:00, run_after=2025-08-12 00:00:00+00:00
[2025-08-12T14:48:52.580+0000] {processor.py:183} INFO - Processing /opt/airflow/dags/file_6040_dag.py took 0.519 seconds
