[2025-08-12T14:40:13.203+0000] {processor.py:161} INFO - Started process (PID=5794) to work on /opt/airflow/dags/info_6040_dag.py
[2025-08-12T14:40:13.205+0000] {processor.py:830} INFO - Processing file /opt/airflow/dags/info_6040_dag.py for tasks to queue
[2025-08-12T14:40:13.206+0000] {logging_mixin.py:188} INFO - [2025-08-12T14:40:13.206+0000] {dagbag.py:538} INFO - Filling up the DagBag from /opt/airflow/dags/info_6040_dag.py
[2025-08-12T14:40:13.655+0000] {processor.py:840} INFO - DAG(s) 'ds006040_test_to_elasticsearch_dag' retrieved from /opt/airflow/dags/info_6040_dag.py
[2025-08-12T14:40:13.808+0000] {logging_mixin.py:188} INFO - [2025-08-12T14:40:13.808+0000] {override.py:1769} INFO - Created Permission View: can delete on DAG:ds006040_test_to_elasticsearch_dag
[2025-08-12T14:40:13.820+0000] {logging_mixin.py:188} INFO - [2025-08-12T14:40:13.819+0000] {override.py:1769} INFO - Created Permission View: can edit on DAG:ds006040_test_to_elasticsearch_dag
[2025-08-12T14:40:13.829+0000] {logging_mixin.py:188} INFO - [2025-08-12T14:40:13.828+0000] {override.py:1769} INFO - Created Permission View: can read on DAG:ds006040_test_to_elasticsearch_dag
[2025-08-12T14:40:13.830+0000] {logging_mixin.py:188} INFO - [2025-08-12T14:40:13.830+0000] {dag.py:3036} INFO - Sync 1 DAGs
[2025-08-12T14:40:13.838+0000] {logging_mixin.py:188} INFO - [2025-08-12T14:40:13.838+0000] {dag.py:3058} INFO - Creating ORM DAG for ds006040_test_to_elasticsearch_dag
[2025-08-12T14:40:13.839+0000] {logging_mixin.py:188} INFO - [2025-08-12T14:40:13.839+0000] {dag.py:3823} INFO - Setting next_dagrun for ds006040_test_to_elasticsearch_dag to None, run_after=None
[2025-08-12T14:40:13.864+0000] {processor.py:183} INFO - Processing /opt/airflow/dags/info_6040_dag.py took 0.666 seconds
[2025-08-12T14:40:17.023+0000] {processor.py:161} INFO - Started process (PID=5796) to work on /opt/airflow/dags/info_6040_dag.py
[2025-08-12T14:40:17.025+0000] {processor.py:830} INFO - Processing file /opt/airflow/dags/info_6040_dag.py for tasks to queue
[2025-08-12T14:40:17.026+0000] {logging_mixin.py:188} INFO - [2025-08-12T14:40:17.026+0000] {dagbag.py:538} INFO - Filling up the DagBag from /opt/airflow/dags/info_6040_dag.py
[2025-08-12T14:40:17.521+0000] {processor.py:840} INFO - DAG(s) 'ds006040_test_to_elasticsearch_dag' retrieved from /opt/airflow/dags/info_6040_dag.py
[2025-08-12T14:40:17.533+0000] {logging_mixin.py:188} INFO - [2025-08-12T14:40:17.531+0000] {dag.py:3036} INFO - Sync 1 DAGs
[2025-08-12T14:40:17.544+0000] {logging_mixin.py:188} INFO - [2025-08-12T14:40:17.543+0000] {dag.py:3823} INFO - Setting next_dagrun for ds006040_test_to_elasticsearch_dag to None, run_after=None
[2025-08-12T14:40:17.571+0000] {processor.py:183} INFO - Processing /opt/airflow/dags/info_6040_dag.py took 0.555 seconds
[2025-08-12T14:40:47.858+0000] {processor.py:161} INFO - Started process (PID=5802) to work on /opt/airflow/dags/info_6040_dag.py
[2025-08-12T14:40:47.859+0000] {processor.py:830} INFO - Processing file /opt/airflow/dags/info_6040_dag.py for tasks to queue
[2025-08-12T14:40:47.860+0000] {logging_mixin.py:188} INFO - [2025-08-12T14:40:47.860+0000] {dagbag.py:538} INFO - Filling up the DagBag from /opt/airflow/dags/info_6040_dag.py
[2025-08-12T14:40:48.297+0000] {processor.py:840} INFO - DAG(s) 'ds006040_test_to_elasticsearch_dag' retrieved from /opt/airflow/dags/info_6040_dag.py
[2025-08-12T14:40:48.318+0000] {logging_mixin.py:188} INFO - [2025-08-12T14:40:48.317+0000] {dag.py:3036} INFO - Sync 1 DAGs
[2025-08-12T14:40:48.327+0000] {logging_mixin.py:188} INFO - [2025-08-12T14:40:48.327+0000] {dag.py:3823} INFO - Setting next_dagrun for ds006040_test_to_elasticsearch_dag to None, run_after=None
[2025-08-12T14:40:48.349+0000] {processor.py:183} INFO - Processing /opt/airflow/dags/info_6040_dag.py took 0.493 seconds
[2025-08-12T14:41:18.524+0000] {processor.py:161} INFO - Started process (PID=5808) to work on /opt/airflow/dags/info_6040_dag.py
[2025-08-12T14:41:18.525+0000] {processor.py:830} INFO - Processing file /opt/airflow/dags/info_6040_dag.py for tasks to queue
[2025-08-12T14:41:18.526+0000] {logging_mixin.py:188} INFO - [2025-08-12T14:41:18.526+0000] {dagbag.py:538} INFO - Filling up the DagBag from /opt/airflow/dags/info_6040_dag.py
[2025-08-12T14:41:18.996+0000] {processor.py:840} INFO - DAG(s) 'ds006040_test_to_elasticsearch_dag' retrieved from /opt/airflow/dags/info_6040_dag.py
[2025-08-12T14:41:19.023+0000] {logging_mixin.py:188} INFO - [2025-08-12T14:41:19.022+0000] {dag.py:3036} INFO - Sync 1 DAGs
[2025-08-12T14:41:19.035+0000] {logging_mixin.py:188} INFO - [2025-08-12T14:41:19.035+0000] {dag.py:3823} INFO - Setting next_dagrun for ds006040_test_to_elasticsearch_dag to None, run_after=None
[2025-08-12T14:41:19.059+0000] {processor.py:183} INFO - Processing /opt/airflow/dags/info_6040_dag.py took 0.539 seconds
[2025-08-12T14:41:49.253+0000] {processor.py:161} INFO - Started process (PID=5814) to work on /opt/airflow/dags/info_6040_dag.py
[2025-08-12T14:41:49.255+0000] {processor.py:830} INFO - Processing file /opt/airflow/dags/info_6040_dag.py for tasks to queue
[2025-08-12T14:41:49.256+0000] {logging_mixin.py:188} INFO - [2025-08-12T14:41:49.256+0000] {dagbag.py:538} INFO - Filling up the DagBag from /opt/airflow/dags/info_6040_dag.py
[2025-08-12T14:41:49.694+0000] {processor.py:840} INFO - DAG(s) 'ds006040_test_to_elasticsearch_dag' retrieved from /opt/airflow/dags/info_6040_dag.py
[2025-08-12T14:41:49.714+0000] {logging_mixin.py:188} INFO - [2025-08-12T14:41:49.713+0000] {dag.py:3036} INFO - Sync 1 DAGs
[2025-08-12T14:41:49.723+0000] {logging_mixin.py:188} INFO - [2025-08-12T14:41:49.723+0000] {dag.py:3823} INFO - Setting next_dagrun for ds006040_test_to_elasticsearch_dag to None, run_after=None
[2025-08-12T14:41:49.740+0000] {processor.py:183} INFO - Processing /opt/airflow/dags/info_6040_dag.py took 0.491 seconds
[2025-08-12T14:41:56.980+0000] {processor.py:161} INFO - Started process (PID=5816) to work on /opt/airflow/dags/info_6040_dag.py
[2025-08-12T14:41:56.981+0000] {processor.py:830} INFO - Processing file /opt/airflow/dags/info_6040_dag.py for tasks to queue
[2025-08-12T14:41:56.983+0000] {logging_mixin.py:188} INFO - [2025-08-12T14:41:56.982+0000] {dagbag.py:538} INFO - Filling up the DagBag from /opt/airflow/dags/info_6040_dag.py
[2025-08-12T14:41:57.467+0000] {processor.py:840} INFO - DAG(s) 'ds006040_test_to_elasticsearch_dag' retrieved from /opt/airflow/dags/info_6040_dag.py
[2025-08-12T14:41:57.492+0000] {logging_mixin.py:188} INFO - [2025-08-12T14:41:57.492+0000] {dag.py:3036} INFO - Sync 1 DAGs
[2025-08-12T14:41:57.503+0000] {logging_mixin.py:188} INFO - [2025-08-12T14:41:57.503+0000] {dag.py:3823} INFO - Setting next_dagrun for ds006040_test_to_elasticsearch_dag to None, run_after=None
[2025-08-12T14:41:57.536+0000] {processor.py:183} INFO - Processing /opt/airflow/dags/info_6040_dag.py took 0.558 seconds
[2025-08-12T14:42:20.918+0000] {processor.py:161} INFO - Started process (PID=5822) to work on /opt/airflow/dags/info_6040_dag.py
[2025-08-12T14:42:20.920+0000] {processor.py:830} INFO - Processing file /opt/airflow/dags/info_6040_dag.py for tasks to queue
[2025-08-12T14:42:20.921+0000] {logging_mixin.py:188} INFO - [2025-08-12T14:42:20.921+0000] {dagbag.py:538} INFO - Filling up the DagBag from /opt/airflow/dags/info_6040_dag.py
[2025-08-12T14:42:21.465+0000] {processor.py:840} INFO - DAG(s) 'ds006040_test_to_elasticsearch_dag' retrieved from /opt/airflow/dags/info_6040_dag.py
[2025-08-12T14:42:21.494+0000] {logging_mixin.py:188} INFO - [2025-08-12T14:42:21.493+0000] {dag.py:3036} INFO - Sync 1 DAGs
[2025-08-12T14:42:21.504+0000] {logging_mixin.py:188} INFO - [2025-08-12T14:42:21.503+0000] {dag.py:3823} INFO - Setting next_dagrun for ds006040_test_to_elasticsearch_dag to None, run_after=None
[2025-08-12T14:42:21.535+0000] {processor.py:183} INFO - Processing /opt/airflow/dags/info_6040_dag.py took 0.622 seconds
[2025-08-12T14:42:51.769+0000] {processor.py:161} INFO - Started process (PID=5828) to work on /opt/airflow/dags/info_6040_dag.py
[2025-08-12T14:42:51.770+0000] {processor.py:830} INFO - Processing file /opt/airflow/dags/info_6040_dag.py for tasks to queue
[2025-08-12T14:42:51.771+0000] {logging_mixin.py:188} INFO - [2025-08-12T14:42:51.771+0000] {dagbag.py:538} INFO - Filling up the DagBag from /opt/airflow/dags/info_6040_dag.py
[2025-08-12T14:42:52.177+0000] {processor.py:840} INFO - DAG(s) 'ds006040_test_to_elasticsearch_dag' retrieved from /opt/airflow/dags/info_6040_dag.py
[2025-08-12T14:42:52.200+0000] {logging_mixin.py:188} INFO - [2025-08-12T14:42:52.199+0000] {dag.py:3036} INFO - Sync 1 DAGs
[2025-08-12T14:42:52.210+0000] {logging_mixin.py:188} INFO - [2025-08-12T14:42:52.210+0000] {dag.py:3823} INFO - Setting next_dagrun for ds006040_test_to_elasticsearch_dag to None, run_after=None
[2025-08-12T14:42:52.236+0000] {processor.py:183} INFO - Processing /opt/airflow/dags/info_6040_dag.py took 0.472 seconds
[2025-08-12T14:42:55.001+0000] {processor.py:161} INFO - Started process (PID=5830) to work on /opt/airflow/dags/info_6040_dag.py
[2025-08-12T14:42:55.003+0000] {processor.py:830} INFO - Processing file /opt/airflow/dags/info_6040_dag.py for tasks to queue
[2025-08-12T14:42:55.004+0000] {logging_mixin.py:188} INFO - [2025-08-12T14:42:55.004+0000] {dagbag.py:538} INFO - Filling up the DagBag from /opt/airflow/dags/info_6040_dag.py
[2025-08-12T14:42:55.618+0000] {processor.py:840} INFO - DAG(s) 'ds006040_test_to_elasticsearch_dag' retrieved from /opt/airflow/dags/info_6040_dag.py
[2025-08-12T14:42:55.639+0000] {logging_mixin.py:188} INFO - [2025-08-12T14:42:55.639+0000] {dag.py:3036} INFO - Sync 1 DAGs
[2025-08-12T14:42:55.650+0000] {logging_mixin.py:188} INFO - [2025-08-12T14:42:55.650+0000] {dag.py:3823} INFO - Setting next_dagrun for ds006040_test_to_elasticsearch_dag to None, run_after=None
[2025-08-12T14:42:55.686+0000] {processor.py:183} INFO - Processing /opt/airflow/dags/info_6040_dag.py took 0.688 seconds
[2025-08-12T14:43:00.499+0000] {processor.py:161} INFO - Started process (PID=5832) to work on /opt/airflow/dags/info_6040_dag.py
[2025-08-12T14:43:00.500+0000] {processor.py:830} INFO - Processing file /opt/airflow/dags/info_6040_dag.py for tasks to queue
[2025-08-12T14:43:00.502+0000] {logging_mixin.py:188} INFO - [2025-08-12T14:43:00.501+0000] {dagbag.py:538} INFO - Filling up the DagBag from /opt/airflow/dags/info_6040_dag.py
[2025-08-12T14:43:01.069+0000] {processor.py:840} INFO - DAG(s) 'ds006040_test_to_elasticsearch_dag' retrieved from /opt/airflow/dags/info_6040_dag.py
[2025-08-12T14:43:01.092+0000] {logging_mixin.py:188} INFO - [2025-08-12T14:43:01.091+0000] {dag.py:3036} INFO - Sync 1 DAGs
[2025-08-12T14:43:01.104+0000] {logging_mixin.py:188} INFO - [2025-08-12T14:43:01.103+0000] {dag.py:3823} INFO - Setting next_dagrun for ds006040_test_to_elasticsearch_dag to None, run_after=None
[2025-08-12T14:43:01.133+0000] {processor.py:183} INFO - Processing /opt/airflow/dags/info_6040_dag.py took 0.640 seconds
[2025-08-12T14:43:03.264+0000] {processor.py:161} INFO - Started process (PID=5836) to work on /opt/airflow/dags/info_6040_dag.py
[2025-08-12T14:43:03.266+0000] {processor.py:830} INFO - Processing file /opt/airflow/dags/info_6040_dag.py for tasks to queue
[2025-08-12T14:43:03.267+0000] {logging_mixin.py:188} INFO - [2025-08-12T14:43:03.267+0000] {dagbag.py:538} INFO - Filling up the DagBag from /opt/airflow/dags/info_6040_dag.py
[2025-08-12T14:43:03.835+0000] {processor.py:840} INFO - DAG(s) 'ds006040_test_to_elasticsearch_dag' retrieved from /opt/airflow/dags/info_6040_dag.py
[2025-08-12T14:43:03.858+0000] {logging_mixin.py:188} INFO - [2025-08-12T14:43:03.857+0000] {dag.py:3036} INFO - Sync 1 DAGs
[2025-08-12T14:43:03.870+0000] {logging_mixin.py:188} INFO - [2025-08-12T14:43:03.869+0000] {dag.py:3823} INFO - Setting next_dagrun for ds006040_test_to_elasticsearch_dag to None, run_after=None
[2025-08-12T14:43:03.895+0000] {processor.py:183} INFO - Processing /opt/airflow/dags/info_6040_dag.py took 0.636 seconds
[2025-08-12T14:43:34.030+0000] {processor.py:161} INFO - Started process (PID=5840) to work on /opt/airflow/dags/info_6040_dag.py
[2025-08-12T14:43:34.031+0000] {processor.py:830} INFO - Processing file /opt/airflow/dags/info_6040_dag.py for tasks to queue
[2025-08-12T14:43:34.032+0000] {logging_mixin.py:188} INFO - [2025-08-12T14:43:34.032+0000] {dagbag.py:538} INFO - Filling up the DagBag from /opt/airflow/dags/info_6040_dag.py
[2025-08-12T14:43:34.501+0000] {processor.py:840} INFO - DAG(s) 'ds006040_test_to_elasticsearch_dag' retrieved from /opt/airflow/dags/info_6040_dag.py
[2025-08-12T14:43:34.529+0000] {logging_mixin.py:188} INFO - [2025-08-12T14:43:34.529+0000] {dag.py:3036} INFO - Sync 1 DAGs
[2025-08-12T14:43:34.539+0000] {logging_mixin.py:188} INFO - [2025-08-12T14:43:34.539+0000] {dag.py:3823} INFO - Setting next_dagrun for ds006040_test_to_elasticsearch_dag to None, run_after=None
[2025-08-12T14:43:34.563+0000] {processor.py:183} INFO - Processing /opt/airflow/dags/info_6040_dag.py took 0.537 seconds
[2025-08-12T14:43:44.860+0000] {processor.py:161} INFO - Started process (PID=5844) to work on /opt/airflow/dags/info_6040_dag.py
[2025-08-12T14:43:44.862+0000] {processor.py:830} INFO - Processing file /opt/airflow/dags/info_6040_dag.py for tasks to queue
[2025-08-12T14:43:44.864+0000] {logging_mixin.py:188} INFO - [2025-08-12T14:43:44.863+0000] {dagbag.py:538} INFO - Filling up the DagBag from /opt/airflow/dags/info_6040_dag.py
[2025-08-12T14:43:45.386+0000] {logging_mixin.py:188} INFO - [2025-08-12T14:43:45.377+0000] {dagbag.py:348} ERROR - Failed to import: /opt/airflow/dags/info_6040_dag.py
Traceback (most recent call last):
  File "/home/airflow/.local/lib/python3.8/site-packages/airflow/models/dagbag.py", line 344, in parse
    loader.exec_module(new_module)
  File "<frozen importlib._bootstrap_external>", line 843, in exec_module
  File "<frozen importlib._bootstrap>", line 219, in _call_with_frames_removed
  File "/opt/airflow/dags/info_6040_dag.py", line 142, in <module>
    python_callable=upload_ds006040_test_to_elasticsearch,
NameError: name 'upload_ds006040_test_to_elasticsearch' is not defined
[2025-08-12T14:43:45.389+0000] {processor.py:842} WARNING - No viable dags retrieved from /opt/airflow/dags/info_6040_dag.py
[2025-08-12T14:43:45.411+0000] {processor.py:183} INFO - Processing /opt/airflow/dags/info_6040_dag.py took 0.554 seconds
[2025-08-12T14:43:51.605+0000] {processor.py:161} INFO - Started process (PID=5848) to work on /opt/airflow/dags/info_6040_dag.py
[2025-08-12T14:43:51.606+0000] {processor.py:830} INFO - Processing file /opt/airflow/dags/info_6040_dag.py for tasks to queue
[2025-08-12T14:43:51.608+0000] {logging_mixin.py:188} INFO - [2025-08-12T14:43:51.607+0000] {dagbag.py:538} INFO - Filling up the DagBag from /opt/airflow/dags/info_6040_dag.py
[2025-08-12T14:43:52.070+0000] {logging_mixin.py:188} INFO - [2025-08-12T14:43:52.065+0000] {dagbag.py:348} ERROR - Failed to import: /opt/airflow/dags/info_6040_dag.py
Traceback (most recent call last):
  File "/home/airflow/.local/lib/python3.8/site-packages/airflow/models/dagbag.py", line 344, in parse
    loader.exec_module(new_module)
  File "<frozen importlib._bootstrap_external>", line 843, in exec_module
  File "<frozen importlib._bootstrap>", line 219, in _call_with_frames_removed
  File "/opt/airflow/dags/info_6040_dag.py", line 142, in <module>
    python_callable=upload_ds006040_test_to_elasticsearch,
NameError: name 'upload_ds006040_test_to_elasticsearch' is not defined
[2025-08-12T14:43:52.072+0000] {processor.py:842} WARNING - No viable dags retrieved from /opt/airflow/dags/info_6040_dag.py
[2025-08-12T14:43:52.091+0000] {processor.py:183} INFO - Processing /opt/airflow/dags/info_6040_dag.py took 0.489 seconds
[2025-08-12T14:43:58.978+0000] {processor.py:161} INFO - Started process (PID=5850) to work on /opt/airflow/dags/info_6040_dag.py
[2025-08-12T14:43:58.980+0000] {processor.py:830} INFO - Processing file /opt/airflow/dags/info_6040_dag.py for tasks to queue
[2025-08-12T14:43:58.982+0000] {logging_mixin.py:188} INFO - [2025-08-12T14:43:58.981+0000] {dagbag.py:538} INFO - Filling up the DagBag from /opt/airflow/dags/info_6040_dag.py
[2025-08-12T14:43:59.491+0000] {processor.py:840} INFO - DAG(s) 'ds006040_test_to_elasticsearch_dag' retrieved from /opt/airflow/dags/info_6040_dag.py
[2025-08-12T14:43:59.511+0000] {logging_mixin.py:188} INFO - [2025-08-12T14:43:59.511+0000] {dag.py:3036} INFO - Sync 1 DAGs
[2025-08-12T14:43:59.521+0000] {logging_mixin.py:188} INFO - [2025-08-12T14:43:59.521+0000] {dag.py:3823} INFO - Setting next_dagrun for ds006040_test_to_elasticsearch_dag to None, run_after=None
[2025-08-12T14:43:59.550+0000] {processor.py:183} INFO - Processing /opt/airflow/dags/info_6040_dag.py took 0.577 seconds
[2025-08-12T14:44:24.515+0000] {processor.py:161} INFO - Started process (PID=5856) to work on /opt/airflow/dags/info_6040_dag.py
[2025-08-12T14:44:24.516+0000] {processor.py:830} INFO - Processing file /opt/airflow/dags/info_6040_dag.py for tasks to queue
[2025-08-12T14:44:24.518+0000] {logging_mixin.py:188} INFO - [2025-08-12T14:44:24.517+0000] {dagbag.py:538} INFO - Filling up the DagBag from /opt/airflow/dags/info_6040_dag.py
[2025-08-12T14:44:24.978+0000] {processor.py:840} INFO - DAG(s) 'ds006040_test_to_elasticsearch_dag' retrieved from /opt/airflow/dags/info_6040_dag.py
[2025-08-12T14:44:25.152+0000] {logging_mixin.py:188} INFO - [2025-08-12T14:44:25.152+0000] {dag.py:3036} INFO - Sync 1 DAGs
[2025-08-12T14:44:25.163+0000] {logging_mixin.py:188} INFO - [2025-08-12T14:44:25.162+0000] {dag.py:3823} INFO - Setting next_dagrun for ds006040_test_to_elasticsearch_dag to None, run_after=None
[2025-08-12T14:44:25.192+0000] {processor.py:183} INFO - Processing /opt/airflow/dags/info_6040_dag.py took 0.680 seconds
[2025-08-12T14:44:29.842+0000] {processor.py:161} INFO - Started process (PID=5858) to work on /opt/airflow/dags/info_6040_dag.py
[2025-08-12T14:44:29.844+0000] {processor.py:830} INFO - Processing file /opt/airflow/dags/info_6040_dag.py for tasks to queue
[2025-08-12T14:44:29.845+0000] {logging_mixin.py:188} INFO - [2025-08-12T14:44:29.845+0000] {dagbag.py:538} INFO - Filling up the DagBag from /opt/airflow/dags/info_6040_dag.py
[2025-08-12T14:44:30.334+0000] {processor.py:840} INFO - DAG(s) 'bids_files_6040' retrieved from /opt/airflow/dags/info_6040_dag.py
[2025-08-12T14:44:30.420+0000] {logging_mixin.py:188} INFO - [2025-08-12T14:44:30.420+0000] {dag.py:3036} INFO - Sync 1 DAGs
[2025-08-12T14:44:30.429+0000] {logging_mixin.py:188} INFO - [2025-08-12T14:44:30.429+0000] {dag.py:3823} INFO - Setting next_dagrun for bids_files_6040 to None, run_after=None
[2025-08-12T14:44:30.461+0000] {processor.py:183} INFO - Processing /opt/airflow/dags/info_6040_dag.py took 0.624 seconds
[2025-08-12T14:44:34.479+0000] {processor.py:161} INFO - Started process (PID=5860) to work on /opt/airflow/dags/info_6040_dag.py
[2025-08-12T14:44:34.480+0000] {processor.py:830} INFO - Processing file /opt/airflow/dags/info_6040_dag.py for tasks to queue
[2025-08-12T14:44:34.481+0000] {logging_mixin.py:188} INFO - [2025-08-12T14:44:34.481+0000] {dagbag.py:538} INFO - Filling up the DagBag from /opt/airflow/dags/info_6040_dag.py
[2025-08-12T14:44:34.893+0000] {processor.py:840} INFO - DAG(s) 'bids_in_6040' retrieved from /opt/airflow/dags/info_6040_dag.py
[2025-08-12T14:44:34.984+0000] {logging_mixin.py:188} INFO - [2025-08-12T14:44:34.983+0000] {override.py:1769} INFO - Created Permission View: can delete on DAG:bids_in_6040
[2025-08-12T14:44:34.993+0000] {logging_mixin.py:188} INFO - [2025-08-12T14:44:34.992+0000] {override.py:1769} INFO - Created Permission View: can edit on DAG:bids_in_6040
[2025-08-12T14:44:35.000+0000] {logging_mixin.py:188} INFO - [2025-08-12T14:44:34.999+0000] {override.py:1769} INFO - Created Permission View: can read on DAG:bids_in_6040
[2025-08-12T14:44:35.001+0000] {logging_mixin.py:188} INFO - [2025-08-12T14:44:35.001+0000] {dag.py:3036} INFO - Sync 1 DAGs
[2025-08-12T14:44:35.011+0000] {logging_mixin.py:188} INFO - [2025-08-12T14:44:35.010+0000] {dag.py:3058} INFO - Creating ORM DAG for bids_in_6040
[2025-08-12T14:44:35.012+0000] {logging_mixin.py:188} INFO - [2025-08-12T14:44:35.012+0000] {dag.py:3823} INFO - Setting next_dagrun for bids_in_6040 to None, run_after=None
[2025-08-12T14:44:35.045+0000] {processor.py:183} INFO - Processing /opt/airflow/dags/info_6040_dag.py took 0.568 seconds
[2025-08-12T14:44:36.669+0000] {processor.py:161} INFO - Started process (PID=5864) to work on /opt/airflow/dags/info_6040_dag.py
[2025-08-12T14:44:36.671+0000] {processor.py:830} INFO - Processing file /opt/airflow/dags/info_6040_dag.py for tasks to queue
[2025-08-12T14:44:36.672+0000] {logging_mixin.py:188} INFO - [2025-08-12T14:44:36.672+0000] {dagbag.py:538} INFO - Filling up the DagBag from /opt/airflow/dags/info_6040_dag.py
[2025-08-12T14:44:37.137+0000] {processor.py:840} INFO - DAG(s) 'bids_info_6040' retrieved from /opt/airflow/dags/info_6040_dag.py
[2025-08-12T14:44:37.233+0000] {logging_mixin.py:188} INFO - [2025-08-12T14:44:37.232+0000] {override.py:1769} INFO - Created Permission View: can delete on DAG:bids_info_6040
[2025-08-12T14:44:37.248+0000] {logging_mixin.py:188} INFO - [2025-08-12T14:44:37.247+0000] {override.py:1769} INFO - Created Permission View: can edit on DAG:bids_info_6040
[2025-08-12T14:44:37.257+0000] {logging_mixin.py:188} INFO - [2025-08-12T14:44:37.257+0000] {override.py:1769} INFO - Created Permission View: can read on DAG:bids_info_6040
[2025-08-12T14:44:37.258+0000] {logging_mixin.py:188} INFO - [2025-08-12T14:44:37.258+0000] {dag.py:3036} INFO - Sync 1 DAGs
[2025-08-12T14:44:37.270+0000] {logging_mixin.py:188} INFO - [2025-08-12T14:44:37.269+0000] {dag.py:3058} INFO - Creating ORM DAG for bids_info_6040
[2025-08-12T14:44:37.271+0000] {logging_mixin.py:188} INFO - [2025-08-12T14:44:37.271+0000] {dag.py:3823} INFO - Setting next_dagrun for bids_info_6040 to None, run_after=None
[2025-08-12T14:44:37.301+0000] {processor.py:183} INFO - Processing /opt/airflow/dags/info_6040_dag.py took 0.635 seconds
[2025-08-12T14:45:07.678+0000] {processor.py:161} INFO - Started process (PID=5872) to work on /opt/airflow/dags/info_6040_dag.py
[2025-08-12T14:45:07.680+0000] {processor.py:830} INFO - Processing file /opt/airflow/dags/info_6040_dag.py for tasks to queue
[2025-08-12T14:45:07.681+0000] {logging_mixin.py:188} INFO - [2025-08-12T14:45:07.680+0000] {dagbag.py:538} INFO - Filling up the DagBag from /opt/airflow/dags/info_6040_dag.py
[2025-08-12T14:45:08.170+0000] {processor.py:840} INFO - DAG(s) 'bids_info_6040' retrieved from /opt/airflow/dags/info_6040_dag.py
[2025-08-12T14:45:08.194+0000] {logging_mixin.py:188} INFO - [2025-08-12T14:45:08.193+0000] {dag.py:3036} INFO - Sync 1 DAGs
[2025-08-12T14:45:08.203+0000] {logging_mixin.py:188} INFO - [2025-08-12T14:45:08.203+0000] {dag.py:3823} INFO - Setting next_dagrun for bids_info_6040 to None, run_after=None
[2025-08-12T14:45:08.228+0000] {processor.py:183} INFO - Processing /opt/airflow/dags/info_6040_dag.py took 0.554 seconds
[2025-08-12T14:45:19.656+0000] {processor.py:161} INFO - Started process (PID=5878) to work on /opt/airflow/dags/info_6040_dag.py
[2025-08-12T14:45:19.658+0000] {processor.py:830} INFO - Processing file /opt/airflow/dags/info_6040_dag.py for tasks to queue
[2025-08-12T14:45:19.659+0000] {logging_mixin.py:188} INFO - [2025-08-12T14:45:19.659+0000] {dagbag.py:538} INFO - Filling up the DagBag from /opt/airflow/dags/info_6040_dag.py
[2025-08-12T14:45:20.136+0000] {processor.py:840} INFO - DAG(s) 'bids_info_6040' retrieved from /opt/airflow/dags/info_6040_dag.py
[2025-08-12T14:45:20.254+0000] {logging_mixin.py:188} INFO - [2025-08-12T14:45:20.253+0000] {dag.py:3036} INFO - Sync 1 DAGs
[2025-08-12T14:45:20.264+0000] {logging_mixin.py:188} INFO - [2025-08-12T14:45:20.264+0000] {dag.py:3823} INFO - Setting next_dagrun for bids_info_6040 to None, run_after=None
[2025-08-12T14:45:20.297+0000] {processor.py:183} INFO - Processing /opt/airflow/dags/info_6040_dag.py took 0.643 seconds
[2025-08-12T14:45:26.975+0000] {processor.py:161} INFO - Started process (PID=5880) to work on /opt/airflow/dags/info_6040_dag.py
[2025-08-12T14:45:26.977+0000] {processor.py:830} INFO - Processing file /opt/airflow/dags/info_6040_dag.py for tasks to queue
[2025-08-12T14:45:26.979+0000] {logging_mixin.py:188} INFO - [2025-08-12T14:45:26.978+0000] {dagbag.py:538} INFO - Filling up the DagBag from /opt/airflow/dags/info_6040_dag.py
[2025-08-12T14:45:27.537+0000] {processor.py:840} INFO - DAG(s) 'bids_info_6040' retrieved from /opt/airflow/dags/info_6040_dag.py
[2025-08-12T14:45:27.548+0000] {logging_mixin.py:188} INFO - [2025-08-12T14:45:27.548+0000] {dag.py:3036} INFO - Sync 1 DAGs
[2025-08-12T14:45:27.557+0000] {logging_mixin.py:188} INFO - [2025-08-12T14:45:27.557+0000] {dag.py:3823} INFO - Setting next_dagrun for bids_info_6040 to None, run_after=None
[2025-08-12T14:45:27.586+0000] {processor.py:183} INFO - Processing /opt/airflow/dags/info_6040_dag.py took 0.615 seconds
[2025-08-12T14:45:33.808+0000] {processor.py:161} INFO - Started process (PID=5882) to work on /opt/airflow/dags/info_6040_dag.py
[2025-08-12T14:45:33.810+0000] {processor.py:830} INFO - Processing file /opt/airflow/dags/info_6040_dag.py for tasks to queue
[2025-08-12T14:45:33.812+0000] {logging_mixin.py:188} INFO - [2025-08-12T14:45:33.811+0000] {dagbag.py:538} INFO - Filling up the DagBag from /opt/airflow/dags/info_6040_dag.py
[2025-08-12T14:45:34.335+0000] {processor.py:840} INFO - DAG(s) 'bids_info_6040' retrieved from /opt/airflow/dags/info_6040_dag.py
[2025-08-12T14:45:34.350+0000] {logging_mixin.py:188} INFO - [2025-08-12T14:45:34.350+0000] {dag.py:3036} INFO - Sync 1 DAGs
[2025-08-12T14:45:34.368+0000] {logging_mixin.py:188} INFO - [2025-08-12T14:45:34.367+0000] {dag.py:3823} INFO - Setting next_dagrun for bids_info_6040 to None, run_after=None
[2025-08-12T14:45:34.398+0000] {processor.py:183} INFO - Processing /opt/airflow/dags/info_6040_dag.py took 0.594 seconds
[2025-08-12T14:45:35.524+0000] {processor.py:161} INFO - Started process (PID=5884) to work on /opt/airflow/dags/info_6040_dag.py
[2025-08-12T14:45:35.526+0000] {processor.py:830} INFO - Processing file /opt/airflow/dags/info_6040_dag.py for tasks to queue
[2025-08-12T14:45:35.527+0000] {logging_mixin.py:188} INFO - [2025-08-12T14:45:35.527+0000] {dagbag.py:538} INFO - Filling up the DagBag from /opt/airflow/dags/info_6040_dag.py
[2025-08-12T14:45:36.011+0000] {processor.py:840} INFO - DAG(s) 'bids_info_6040' retrieved from /opt/airflow/dags/info_6040_dag.py
[2025-08-12T14:45:36.023+0000] {logging_mixin.py:188} INFO - [2025-08-12T14:45:36.022+0000] {dag.py:3036} INFO - Sync 1 DAGs
[2025-08-12T14:45:36.034+0000] {logging_mixin.py:188} INFO - [2025-08-12T14:45:36.034+0000] {dag.py:3823} INFO - Setting next_dagrun for bids_info_6040 to None, run_after=None
[2025-08-12T14:45:36.057+0000] {processor.py:183} INFO - Processing /opt/airflow/dags/info_6040_dag.py took 0.537 seconds
[2025-08-12T14:46:06.223+0000] {processor.py:161} INFO - Started process (PID=5890) to work on /opt/airflow/dags/info_6040_dag.py
[2025-08-12T14:46:06.224+0000] {processor.py:830} INFO - Processing file /opt/airflow/dags/info_6040_dag.py for tasks to queue
[2025-08-12T14:46:06.225+0000] {logging_mixin.py:188} INFO - [2025-08-12T14:46:06.225+0000] {dagbag.py:538} INFO - Filling up the DagBag from /opt/airflow/dags/info_6040_dag.py
[2025-08-12T14:46:06.620+0000] {processor.py:840} INFO - DAG(s) 'bids_info_6040' retrieved from /opt/airflow/dags/info_6040_dag.py
[2025-08-12T14:46:06.725+0000] {logging_mixin.py:188} INFO - [2025-08-12T14:46:06.725+0000] {dag.py:3036} INFO - Sync 1 DAGs
[2025-08-12T14:46:06.732+0000] {logging_mixin.py:188} INFO - [2025-08-12T14:46:06.732+0000] {dag.py:3823} INFO - Setting next_dagrun for bids_info_6040 to None, run_after=None
[2025-08-12T14:46:06.752+0000] {processor.py:183} INFO - Processing /opt/airflow/dags/info_6040_dag.py took 0.532 seconds
[2025-08-12T14:46:36.926+0000] {processor.py:161} INFO - Started process (PID=5896) to work on /opt/airflow/dags/info_6040_dag.py
[2025-08-12T14:46:36.928+0000] {processor.py:830} INFO - Processing file /opt/airflow/dags/info_6040_dag.py for tasks to queue
[2025-08-12T14:46:36.929+0000] {logging_mixin.py:188} INFO - [2025-08-12T14:46:36.929+0000] {dagbag.py:538} INFO - Filling up the DagBag from /opt/airflow/dags/info_6040_dag.py
[2025-08-12T14:46:37.358+0000] {processor.py:840} INFO - DAG(s) 'bids_info_6040' retrieved from /opt/airflow/dags/info_6040_dag.py
[2025-08-12T14:46:37.378+0000] {logging_mixin.py:188} INFO - [2025-08-12T14:46:37.377+0000] {dag.py:3036} INFO - Sync 1 DAGs
[2025-08-12T14:46:37.387+0000] {logging_mixin.py:188} INFO - [2025-08-12T14:46:37.387+0000] {dag.py:3823} INFO - Setting next_dagrun for bids_info_6040 to None, run_after=None
[2025-08-12T14:46:37.411+0000] {processor.py:183} INFO - Processing /opt/airflow/dags/info_6040_dag.py took 0.488 seconds
[2025-08-12T14:47:08.096+0000] {processor.py:161} INFO - Started process (PID=5902) to work on /opt/airflow/dags/info_6040_dag.py
[2025-08-12T14:47:08.097+0000] {processor.py:830} INFO - Processing file /opt/airflow/dags/info_6040_dag.py for tasks to queue
[2025-08-12T14:47:08.099+0000] {logging_mixin.py:188} INFO - [2025-08-12T14:47:08.098+0000] {dagbag.py:538} INFO - Filling up the DagBag from /opt/airflow/dags/info_6040_dag.py
[2025-08-12T14:47:08.493+0000] {processor.py:840} INFO - DAG(s) 'bids_info_6040' retrieved from /opt/airflow/dags/info_6040_dag.py
[2025-08-12T14:47:08.513+0000] {logging_mixin.py:188} INFO - [2025-08-12T14:47:08.513+0000] {dag.py:3036} INFO - Sync 1 DAGs
[2025-08-12T14:47:08.522+0000] {logging_mixin.py:188} INFO - [2025-08-12T14:47:08.522+0000] {dag.py:3823} INFO - Setting next_dagrun for bids_info_6040 to None, run_after=None
[2025-08-12T14:47:08.539+0000] {processor.py:183} INFO - Processing /opt/airflow/dags/info_6040_dag.py took 0.447 seconds
[2025-08-12T14:47:38.879+0000] {processor.py:161} INFO - Started process (PID=5908) to work on /opt/airflow/dags/info_6040_dag.py
[2025-08-12T14:47:38.880+0000] {processor.py:830} INFO - Processing file /opt/airflow/dags/info_6040_dag.py for tasks to queue
[2025-08-12T14:47:38.881+0000] {logging_mixin.py:188} INFO - [2025-08-12T14:47:38.881+0000] {dagbag.py:538} INFO - Filling up the DagBag from /opt/airflow/dags/info_6040_dag.py
[2025-08-12T14:47:39.312+0000] {processor.py:840} INFO - DAG(s) 'bids_info_6040' retrieved from /opt/airflow/dags/info_6040_dag.py
[2025-08-12T14:47:39.331+0000] {logging_mixin.py:188} INFO - [2025-08-12T14:47:39.331+0000] {dag.py:3036} INFO - Sync 1 DAGs
[2025-08-12T14:47:39.341+0000] {logging_mixin.py:188} INFO - [2025-08-12T14:47:39.341+0000] {dag.py:3823} INFO - Setting next_dagrun for bids_info_6040 to None, run_after=None
[2025-08-12T14:47:39.363+0000] {processor.py:183} INFO - Processing /opt/airflow/dags/info_6040_dag.py took 0.487 seconds
[2025-08-12T14:48:09.581+0000] {processor.py:161} INFO - Started process (PID=5914) to work on /opt/airflow/dags/info_6040_dag.py
[2025-08-12T14:48:09.582+0000] {processor.py:830} INFO - Processing file /opt/airflow/dags/info_6040_dag.py for tasks to queue
[2025-08-12T14:48:09.583+0000] {logging_mixin.py:188} INFO - [2025-08-12T14:48:09.583+0000] {dagbag.py:538} INFO - Filling up the DagBag from /opt/airflow/dags/info_6040_dag.py
[2025-08-12T14:48:09.986+0000] {processor.py:840} INFO - DAG(s) 'bids_info_6040' retrieved from /opt/airflow/dags/info_6040_dag.py
[2025-08-12T14:48:10.007+0000] {logging_mixin.py:188} INFO - [2025-08-12T14:48:10.006+0000] {dag.py:3036} INFO - Sync 1 DAGs
[2025-08-12T14:48:10.017+0000] {logging_mixin.py:188} INFO - [2025-08-12T14:48:10.017+0000] {dag.py:3823} INFO - Setting next_dagrun for bids_info_6040 to None, run_after=None
[2025-08-12T14:48:10.034+0000] {processor.py:183} INFO - Processing /opt/airflow/dags/info_6040_dag.py took 0.458 seconds
[2025-08-12T14:48:40.402+0000] {processor.py:161} INFO - Started process (PID=5920) to work on /opt/airflow/dags/info_6040_dag.py
[2025-08-12T14:48:40.404+0000] {processor.py:830} INFO - Processing file /opt/airflow/dags/info_6040_dag.py for tasks to queue
[2025-08-12T14:48:40.406+0000] {logging_mixin.py:188} INFO - [2025-08-12T14:48:40.405+0000] {dagbag.py:538} INFO - Filling up the DagBag from /opt/airflow/dags/info_6040_dag.py
[2025-08-12T14:48:40.969+0000] {processor.py:840} INFO - DAG(s) 'bids_info_6040' retrieved from /opt/airflow/dags/info_6040_dag.py
[2025-08-12T14:48:40.997+0000] {logging_mixin.py:188} INFO - [2025-08-12T14:48:40.997+0000] {dag.py:3036} INFO - Sync 1 DAGs
[2025-08-12T14:48:41.014+0000] {logging_mixin.py:188} INFO - [2025-08-12T14:48:41.013+0000] {dag.py:3823} INFO - Setting next_dagrun for bids_info_6040 to None, run_after=None
[2025-08-12T14:48:41.039+0000] {processor.py:183} INFO - Processing /opt/airflow/dags/info_6040_dag.py took 0.642 seconds
