[2025-07-27T19:12:28.845+0000] {processor.py:161} INFO - Started process (PID=57) to work on /opt/airflow/dags/bids_to_es_dag.py
[2025-07-27T19:12:28.846+0000] {processor.py:830} INFO - Processing file /opt/airflow/dags/bids_to_es_dag.py for tasks to queue
[2025-07-27T19:12:28.848+0000] {logging_mixin.py:188} INFO - [2025-07-27T19:12:28.847+0000] {dagbag.py:538} INFO - Filling up the DagBag from /opt/airflow/dags/bids_to_es_dag.py
[2025-07-27T19:12:29.296+0000] {processor.py:840} INFO - DAG(s) 'bids_to_elasticsearch_dag' retrieved from /opt/airflow/dags/bids_to_es_dag.py
[2025-07-27T19:12:29.406+0000] {logging_mixin.py:188} INFO - [2025-07-27T19:12:29.406+0000] {override.py:1769} INFO - Created Permission View: can delete on DAG:bids_to_elasticsearch_dag
[2025-07-27T19:12:29.416+0000] {logging_mixin.py:188} INFO - [2025-07-27T19:12:29.415+0000] {override.py:1769} INFO - Created Permission View: can read on DAG:bids_to_elasticsearch_dag
[2025-07-27T19:12:29.424+0000] {logging_mixin.py:188} INFO - [2025-07-27T19:12:29.423+0000] {override.py:1769} INFO - Created Permission View: can edit on DAG:bids_to_elasticsearch_dag
[2025-07-27T19:12:29.425+0000] {logging_mixin.py:188} INFO - [2025-07-27T19:12:29.424+0000] {dag.py:3036} INFO - Sync 1 DAGs
[2025-07-27T19:12:29.432+0000] {logging_mixin.py:188} INFO - [2025-07-27T19:12:29.432+0000] {dag.py:3058} INFO - Creating ORM DAG for bids_to_elasticsearch_dag
[2025-07-27T19:12:29.433+0000] {logging_mixin.py:188} INFO - [2025-07-27T19:12:29.433+0000] {dag.py:3823} INFO - Setting next_dagrun for bids_to_elasticsearch_dag to None, run_after=None
[2025-07-27T19:12:29.451+0000] {processor.py:183} INFO - Processing /opt/airflow/dags/bids_to_es_dag.py took 0.609 seconds
[2025-07-27T19:12:59.820+0000] {processor.py:161} INFO - Started process (PID=61) to work on /opt/airflow/dags/bids_to_es_dag.py
[2025-07-27T19:12:59.821+0000] {processor.py:830} INFO - Processing file /opt/airflow/dags/bids_to_es_dag.py for tasks to queue
[2025-07-27T19:12:59.823+0000] {logging_mixin.py:188} INFO - [2025-07-27T19:12:59.823+0000] {dagbag.py:538} INFO - Filling up the DagBag from /opt/airflow/dags/bids_to_es_dag.py
[2025-07-27T19:13:00.242+0000] {processor.py:840} INFO - DAG(s) 'bids_to_elasticsearch_dag' retrieved from /opt/airflow/dags/bids_to_es_dag.py
[2025-07-27T19:13:00.260+0000] {logging_mixin.py:188} INFO - [2025-07-27T19:13:00.260+0000] {dag.py:3036} INFO - Sync 1 DAGs
[2025-07-27T19:13:00.268+0000] {logging_mixin.py:188} INFO - [2025-07-27T19:13:00.268+0000] {dag.py:3823} INFO - Setting next_dagrun for bids_to_elasticsearch_dag to None, run_after=None
[2025-07-27T19:13:00.287+0000] {processor.py:183} INFO - Processing /opt/airflow/dags/bids_to_es_dag.py took 0.469 seconds
[2025-07-27T19:13:30.681+0000] {processor.py:161} INFO - Started process (PID=65) to work on /opt/airflow/dags/bids_to_es_dag.py
[2025-07-27T19:13:30.682+0000] {processor.py:830} INFO - Processing file /opt/airflow/dags/bids_to_es_dag.py for tasks to queue
[2025-07-27T19:13:30.684+0000] {logging_mixin.py:188} INFO - [2025-07-27T19:13:30.684+0000] {dagbag.py:538} INFO - Filling up the DagBag from /opt/airflow/dags/bids_to_es_dag.py
[2025-07-27T19:13:31.211+0000] {processor.py:840} INFO - DAG(s) 'bids_to_elasticsearch_dag' retrieved from /opt/airflow/dags/bids_to_es_dag.py
[2025-07-27T19:13:31.229+0000] {logging_mixin.py:188} INFO - [2025-07-27T19:13:31.228+0000] {dag.py:3036} INFO - Sync 1 DAGs
[2025-07-27T19:13:31.237+0000] {logging_mixin.py:188} INFO - [2025-07-27T19:13:31.236+0000] {dag.py:3823} INFO - Setting next_dagrun for bids_to_elasticsearch_dag to None, run_after=None
[2025-07-27T19:13:31.255+0000] {processor.py:183} INFO - Processing /opt/airflow/dags/bids_to_es_dag.py took 0.578 seconds
[2025-07-27T19:14:01.686+0000] {processor.py:161} INFO - Started process (PID=69) to work on /opt/airflow/dags/bids_to_es_dag.py
[2025-07-27T19:14:01.687+0000] {processor.py:830} INFO - Processing file /opt/airflow/dags/bids_to_es_dag.py for tasks to queue
[2025-07-27T19:14:01.688+0000] {logging_mixin.py:188} INFO - [2025-07-27T19:14:01.688+0000] {dagbag.py:538} INFO - Filling up the DagBag from /opt/airflow/dags/bids_to_es_dag.py
[2025-07-27T19:14:02.148+0000] {processor.py:840} INFO - DAG(s) 'bids_to_elasticsearch_dag' retrieved from /opt/airflow/dags/bids_to_es_dag.py
[2025-07-27T19:14:02.166+0000] {logging_mixin.py:188} INFO - [2025-07-27T19:14:02.166+0000] {dag.py:3036} INFO - Sync 1 DAGs
[2025-07-27T19:14:02.175+0000] {logging_mixin.py:188} INFO - [2025-07-27T19:14:02.175+0000] {dag.py:3823} INFO - Setting next_dagrun for bids_to_elasticsearch_dag to None, run_after=None
[2025-07-27T19:14:02.195+0000] {processor.py:183} INFO - Processing /opt/airflow/dags/bids_to_es_dag.py took 0.513 seconds
[2025-07-27T19:14:32.591+0000] {processor.py:161} INFO - Started process (PID=73) to work on /opt/airflow/dags/bids_to_es_dag.py
[2025-07-27T19:14:32.592+0000] {processor.py:830} INFO - Processing file /opt/airflow/dags/bids_to_es_dag.py for tasks to queue
[2025-07-27T19:14:32.594+0000] {logging_mixin.py:188} INFO - [2025-07-27T19:14:32.593+0000] {dagbag.py:538} INFO - Filling up the DagBag from /opt/airflow/dags/bids_to_es_dag.py
[2025-07-27T19:14:33.245+0000] {processor.py:840} INFO - DAG(s) 'bids_to_elasticsearch_dag' retrieved from /opt/airflow/dags/bids_to_es_dag.py
[2025-07-27T19:14:33.267+0000] {logging_mixin.py:188} INFO - [2025-07-27T19:14:33.266+0000] {dag.py:3036} INFO - Sync 1 DAGs
[2025-07-27T19:14:33.278+0000] {logging_mixin.py:188} INFO - [2025-07-27T19:14:33.278+0000] {dag.py:3823} INFO - Setting next_dagrun for bids_to_elasticsearch_dag to None, run_after=None
[2025-07-27T19:14:33.297+0000] {processor.py:183} INFO - Processing /opt/airflow/dags/bids_to_es_dag.py took 0.711 seconds
[2025-07-27T19:15:03.599+0000] {processor.py:161} INFO - Started process (PID=77) to work on /opt/airflow/dags/bids_to_es_dag.py
[2025-07-27T19:15:03.600+0000] {processor.py:830} INFO - Processing file /opt/airflow/dags/bids_to_es_dag.py for tasks to queue
[2025-07-27T19:15:03.602+0000] {logging_mixin.py:188} INFO - [2025-07-27T19:15:03.601+0000] {dagbag.py:538} INFO - Filling up the DagBag from /opt/airflow/dags/bids_to_es_dag.py
[2025-07-27T19:15:04.037+0000] {processor.py:840} INFO - DAG(s) 'bids_to_elasticsearch_dag' retrieved from /opt/airflow/dags/bids_to_es_dag.py
[2025-07-27T19:15:04.055+0000] {logging_mixin.py:188} INFO - [2025-07-27T19:15:04.055+0000] {dag.py:3036} INFO - Sync 1 DAGs
[2025-07-27T19:15:04.063+0000] {logging_mixin.py:188} INFO - [2025-07-27T19:15:04.063+0000] {dag.py:3823} INFO - Setting next_dagrun for bids_to_elasticsearch_dag to None, run_after=None
[2025-07-27T19:15:04.080+0000] {processor.py:183} INFO - Processing /opt/airflow/dags/bids_to_es_dag.py took 0.484 seconds
[2025-07-27T19:15:34.461+0000] {processor.py:161} INFO - Started process (PID=81) to work on /opt/airflow/dags/bids_to_es_dag.py
[2025-07-27T19:15:34.462+0000] {processor.py:830} INFO - Processing file /opt/airflow/dags/bids_to_es_dag.py for tasks to queue
[2025-07-27T19:15:34.464+0000] {logging_mixin.py:188} INFO - [2025-07-27T19:15:34.463+0000] {dagbag.py:538} INFO - Filling up the DagBag from /opt/airflow/dags/bids_to_es_dag.py
[2025-07-27T19:15:34.940+0000] {processor.py:840} INFO - DAG(s) 'bids_to_elasticsearch_dag' retrieved from /opt/airflow/dags/bids_to_es_dag.py
[2025-07-27T19:15:34.961+0000] {logging_mixin.py:188} INFO - [2025-07-27T19:15:34.960+0000] {dag.py:3036} INFO - Sync 1 DAGs
[2025-07-27T19:15:34.969+0000] {logging_mixin.py:188} INFO - [2025-07-27T19:15:34.969+0000] {dag.py:3823} INFO - Setting next_dagrun for bids_to_elasticsearch_dag to None, run_after=None
[2025-07-27T19:15:34.989+0000] {processor.py:183} INFO - Processing /opt/airflow/dags/bids_to_es_dag.py took 0.532 seconds
[2025-07-27T19:15:48.255+0000] {processor.py:161} INFO - Started process (PID=85) to work on /opt/airflow/dags/bids_to_es_dag.py
[2025-07-27T19:15:48.256+0000] {processor.py:830} INFO - Processing file /opt/airflow/dags/bids_to_es_dag.py for tasks to queue
[2025-07-27T19:15:48.258+0000] {logging_mixin.py:188} INFO - [2025-07-27T19:15:48.257+0000] {dagbag.py:538} INFO - Filling up the DagBag from /opt/airflow/dags/bids_to_es_dag.py
[2025-07-27T19:15:48.734+0000] {processor.py:840} INFO - DAG(s) 'bids_to_elasticsearch_dag' retrieved from /opt/airflow/dags/bids_to_es_dag.py
[2025-07-27T19:15:48.751+0000] {logging_mixin.py:188} INFO - [2025-07-27T19:15:48.751+0000] {dag.py:3036} INFO - Sync 1 DAGs
[2025-07-27T19:15:48.759+0000] {logging_mixin.py:188} INFO - [2025-07-27T19:15:48.759+0000] {dag.py:3823} INFO - Setting next_dagrun for bids_to_elasticsearch_dag to None, run_after=None
[2025-07-27T19:15:48.780+0000] {processor.py:183} INFO - Processing /opt/airflow/dags/bids_to_es_dag.py took 0.528 seconds
[2025-07-27T19:16:19.121+0000] {processor.py:161} INFO - Started process (PID=89) to work on /opt/airflow/dags/bids_to_es_dag.py
[2025-07-27T19:16:19.122+0000] {processor.py:830} INFO - Processing file /opt/airflow/dags/bids_to_es_dag.py for tasks to queue
[2025-07-27T19:16:19.124+0000] {logging_mixin.py:188} INFO - [2025-07-27T19:16:19.123+0000] {dagbag.py:538} INFO - Filling up the DagBag from /opt/airflow/dags/bids_to_es_dag.py
[2025-07-27T19:16:19.675+0000] {processor.py:840} INFO - DAG(s) 'bids_to_elasticsearch_dag' retrieved from /opt/airflow/dags/bids_to_es_dag.py
[2025-07-27T19:16:19.695+0000] {logging_mixin.py:188} INFO - [2025-07-27T19:16:19.695+0000] {dag.py:3036} INFO - Sync 1 DAGs
[2025-07-27T19:16:19.704+0000] {logging_mixin.py:188} INFO - [2025-07-27T19:16:19.704+0000] {dag.py:3823} INFO - Setting next_dagrun for bids_to_elasticsearch_dag to None, run_after=None
[2025-07-27T19:16:19.721+0000] {processor.py:183} INFO - Processing /opt/airflow/dags/bids_to_es_dag.py took 0.603 seconds
[2025-07-27T19:16:50.111+0000] {processor.py:161} INFO - Started process (PID=93) to work on /opt/airflow/dags/bids_to_es_dag.py
[2025-07-27T19:16:50.112+0000] {processor.py:830} INFO - Processing file /opt/airflow/dags/bids_to_es_dag.py for tasks to queue
[2025-07-27T19:16:50.114+0000] {logging_mixin.py:188} INFO - [2025-07-27T19:16:50.114+0000] {dagbag.py:538} INFO - Filling up the DagBag from /opt/airflow/dags/bids_to_es_dag.py
[2025-07-27T19:16:50.553+0000] {processor.py:840} INFO - DAG(s) 'bids_to_elasticsearch_dag' retrieved from /opt/airflow/dags/bids_to_es_dag.py
[2025-07-27T19:16:50.572+0000] {logging_mixin.py:188} INFO - [2025-07-27T19:16:50.571+0000] {dag.py:3036} INFO - Sync 1 DAGs
[2025-07-27T19:16:50.580+0000] {logging_mixin.py:188} INFO - [2025-07-27T19:16:50.579+0000] {dag.py:3823} INFO - Setting next_dagrun for bids_to_elasticsearch_dag to None, run_after=None
[2025-07-27T19:16:50.598+0000] {processor.py:183} INFO - Processing /opt/airflow/dags/bids_to_es_dag.py took 0.490 seconds
[2025-07-27T19:17:20.925+0000] {processor.py:161} INFO - Started process (PID=97) to work on /opt/airflow/dags/bids_to_es_dag.py
[2025-07-27T19:17:20.926+0000] {processor.py:830} INFO - Processing file /opt/airflow/dags/bids_to_es_dag.py for tasks to queue
[2025-07-27T19:17:20.928+0000] {logging_mixin.py:188} INFO - [2025-07-27T19:17:20.927+0000] {dagbag.py:538} INFO - Filling up the DagBag from /opt/airflow/dags/bids_to_es_dag.py
[2025-07-27T19:17:21.394+0000] {processor.py:840} INFO - DAG(s) 'bids_to_elasticsearch_dag' retrieved from /opt/airflow/dags/bids_to_es_dag.py
[2025-07-27T19:17:21.414+0000] {logging_mixin.py:188} INFO - [2025-07-27T19:17:21.414+0000] {dag.py:3036} INFO - Sync 1 DAGs
[2025-07-27T19:17:21.425+0000] {logging_mixin.py:188} INFO - [2025-07-27T19:17:21.425+0000] {dag.py:3823} INFO - Setting next_dagrun for bids_to_elasticsearch_dag to None, run_after=None
[2025-07-27T19:17:21.446+0000] {processor.py:183} INFO - Processing /opt/airflow/dags/bids_to_es_dag.py took 0.524 seconds
[2025-07-27T19:17:51.852+0000] {processor.py:161} INFO - Started process (PID=101) to work on /opt/airflow/dags/bids_to_es_dag.py
[2025-07-27T19:17:51.853+0000] {processor.py:830} INFO - Processing file /opt/airflow/dags/bids_to_es_dag.py for tasks to queue
[2025-07-27T19:17:51.855+0000] {logging_mixin.py:188} INFO - [2025-07-27T19:17:51.854+0000] {dagbag.py:538} INFO - Filling up the DagBag from /opt/airflow/dags/bids_to_es_dag.py
[2025-07-27T19:17:52.251+0000] {processor.py:840} INFO - DAG(s) 'bids_to_elasticsearch_dag' retrieved from /opt/airflow/dags/bids_to_es_dag.py
[2025-07-27T19:17:52.267+0000] {logging_mixin.py:188} INFO - [2025-07-27T19:17:52.267+0000] {dag.py:3036} INFO - Sync 1 DAGs
[2025-07-27T19:17:52.274+0000] {logging_mixin.py:188} INFO - [2025-07-27T19:17:52.274+0000] {dag.py:3823} INFO - Setting next_dagrun for bids_to_elasticsearch_dag to None, run_after=None
[2025-07-27T19:17:52.291+0000] {processor.py:183} INFO - Processing /opt/airflow/dags/bids_to_es_dag.py took 0.442 seconds
[2025-07-27T19:18:22.695+0000] {processor.py:161} INFO - Started process (PID=105) to work on /opt/airflow/dags/bids_to_es_dag.py
[2025-07-27T19:18:22.696+0000] {processor.py:830} INFO - Processing file /opt/airflow/dags/bids_to_es_dag.py for tasks to queue
[2025-07-27T19:18:22.697+0000] {logging_mixin.py:188} INFO - [2025-07-27T19:18:22.697+0000] {dagbag.py:538} INFO - Filling up the DagBag from /opt/airflow/dags/bids_to_es_dag.py
[2025-07-27T19:18:23.363+0000] {processor.py:840} INFO - DAG(s) 'bids_to_elasticsearch_dag' retrieved from /opt/airflow/dags/bids_to_es_dag.py
[2025-07-27T19:18:23.382+0000] {logging_mixin.py:188} INFO - [2025-07-27T19:18:23.382+0000] {dag.py:3036} INFO - Sync 1 DAGs
[2025-07-27T19:18:23.391+0000] {logging_mixin.py:188} INFO - [2025-07-27T19:18:23.391+0000] {dag.py:3823} INFO - Setting next_dagrun for bids_to_elasticsearch_dag to None, run_after=None
[2025-07-27T19:18:23.412+0000] {processor.py:183} INFO - Processing /opt/airflow/dags/bids_to_es_dag.py took 0.720 seconds
[2025-07-27T19:18:53.775+0000] {processor.py:161} INFO - Started process (PID=109) to work on /opt/airflow/dags/bids_to_es_dag.py
[2025-07-27T19:18:53.776+0000] {processor.py:830} INFO - Processing file /opt/airflow/dags/bids_to_es_dag.py for tasks to queue
[2025-07-27T19:18:53.778+0000] {logging_mixin.py:188} INFO - [2025-07-27T19:18:53.778+0000] {dagbag.py:538} INFO - Filling up the DagBag from /opt/airflow/dags/bids_to_es_dag.py
[2025-07-27T19:18:54.175+0000] {processor.py:840} INFO - DAG(s) 'bids_to_elasticsearch_dag' retrieved from /opt/airflow/dags/bids_to_es_dag.py
[2025-07-27T19:18:54.191+0000] {logging_mixin.py:188} INFO - [2025-07-27T19:18:54.190+0000] {dag.py:3036} INFO - Sync 1 DAGs
[2025-07-27T19:18:54.198+0000] {logging_mixin.py:188} INFO - [2025-07-27T19:18:54.198+0000] {dag.py:3823} INFO - Setting next_dagrun for bids_to_elasticsearch_dag to None, run_after=None
[2025-07-27T19:18:54.216+0000] {processor.py:183} INFO - Processing /opt/airflow/dags/bids_to_es_dag.py took 0.443 seconds
