[2025-07-27T19:11:02.334+0000] {taskinstance.py:1956} INFO - Dependencies all met for dep_context=non-requeueable deps ti=<TaskInstance: index_bids_subjects.index_subjects scheduled__2025-07-26T00:00:00+00:00 [queued]>
[2025-07-27T19:11:02.341+0000] {taskinstance.py:1956} INFO - Dependencies all met for dep_context=requeueable deps ti=<TaskInstance: index_bids_subjects.index_subjects scheduled__2025-07-26T00:00:00+00:00 [queued]>
[2025-07-27T19:11:02.342+0000] {taskinstance.py:2170} INFO - Starting attempt 1 of 2
[2025-07-27T19:11:02.354+0000] {taskinstance.py:2191} INFO - Executing <Task(PythonOperator): index_subjects> on 2025-07-26 00:00:00+00:00
[2025-07-27T19:11:02.360+0000] {standard_task_runner.py:60} INFO - Started process 55 to run task
[2025-07-27T19:11:02.363+0000] {standard_task_runner.py:87} INFO - Running: ['***', 'tasks', 'run', 'index_bids_subjects', 'index_subjects', 'scheduled__2025-07-26T00:00:00+00:00', '--job-id', '3', '--raw', '--subdir', 'DAGS_FOLDER/subject_index_dag.py', '--cfg-path', '/tmp/tmp60yk_8ht']
[2025-07-27T19:11:02.365+0000] {standard_task_runner.py:88} INFO - Job 3: Subtask index_subjects
[2025-07-27T19:11:02.391+0000] {warnings.py:109} WARNING - /home/***/.local/lib/python3.8/site-packages/***/settings.py:194: DeprecationWarning: The sql_alchemy_conn option in [core] has been moved to the sql_alchemy_conn option in [database] - the old setting has been used, but please update your config.
  SQL_ALCHEMY_CONN = conf.get("database", "SQL_ALCHEMY_CONN")

[2025-07-27T19:11:02.423+0000] {task_command.py:423} INFO - Running <TaskInstance: index_bids_subjects.index_subjects scheduled__2025-07-26T00:00:00+00:00 [running]> on host 6b8fcca183c1
[2025-07-27T19:11:02.491+0000] {taskinstance.py:2480} INFO - Exporting env vars: AIRFLOW_CTX_DAG_OWNER='***' AIRFLOW_CTX_DAG_ID='index_bids_subjects' AIRFLOW_CTX_TASK_ID='index_subjects' AIRFLOW_CTX_EXECUTION_DATE='2025-07-26T00:00:00+00:00' AIRFLOW_CTX_TRY_NUMBER='1' AIRFLOW_CTX_DAG_RUN_ID='scheduled__2025-07-26T00:00:00+00:00'
[2025-07-27T19:11:15.289+0000] {_transport.py:335} INFO - HEAD http://elasticsearch:9200/ [status:200 duration:0.004s]
[2025-07-27T19:11:15.292+0000] {_transport.py:335} INFO - HEAD http://elasticsearch:9200/subject_v2 [status:404 duration:0.002s]
[2025-07-27T19:11:15.407+0000] {_transport.py:335} INFO - PUT http://elasticsearch:9200/subject_v2 [status:200 duration:0.114s]
[2025-07-27T19:11:15.454+0000] {_transport.py:335} INFO - PUT http://elasticsearch:9200/_bulk [status:200 duration:0.046s]
[2025-07-27T19:11:15.456+0000] {logging_mixin.py:188} INFO - 29 documents indexed into subject_v2.
[2025-07-27T19:11:15.457+0000] {python.py:201} INFO - Done. Returned value was: None
[2025-07-27T19:11:15.466+0000] {taskinstance.py:1138} INFO - Marking task as SUCCESS. dag_id=index_bids_subjects, task_id=index_subjects, execution_date=20250726T000000, start_date=20250727T191102, end_date=20250727T191115
[2025-07-27T19:11:15.527+0000] {local_task_job_runner.py:234} INFO - Task exited with return code 0
[2025-07-27T19:11:15.540+0000] {taskinstance.py:3280} INFO - 0 downstream tasks scheduled from follow-on schedule check
