[2025-07-28T06:02:38.821+0000] {taskinstance.py:1956} INFO - Dependencies all met for dep_context=non-requeueable deps ti=<TaskInstance: bids_subjects.upload_bids_data_to_es manual__2025-07-28T06:02:36.791938+00:00 [queued]>
[2025-07-28T06:02:38.830+0000] {taskinstance.py:1956} INFO - Dependencies all met for dep_context=requeueable deps ti=<TaskInstance: bids_subjects.upload_bids_data_to_es manual__2025-07-28T06:02:36.791938+00:00 [queued]>
[2025-07-28T06:02:38.831+0000] {taskinstance.py:2170} INFO - Starting attempt 1 of 1
[2025-07-28T06:02:38.960+0000] {taskinstance.py:2191} INFO - Executing <Task(PythonOperator): upload_bids_data_to_es> on 2025-07-28 06:02:36.791938+00:00
[2025-07-28T06:02:38.967+0000] {standard_task_runner.py:60} INFO - Started process 60 to run task
[2025-07-28T06:02:38.971+0000] {standard_task_runner.py:87} INFO - Running: ['***', 'tasks', 'run', 'bids_subjects', 'upload_bids_data_to_es', 'manual__2025-07-28T06:02:36.791938+00:00', '--job-id', '11', '--raw', '--subdir', 'DAGS_FOLDER/subject_4060_dag.py', '--cfg-path', '/tmp/tmpb1u_pqdy']
[2025-07-28T06:02:38.977+0000] {standard_task_runner.py:88} INFO - Job 11: Subtask upload_bids_data_to_es
[2025-07-28T06:02:38.991+0000] {warnings.py:109} WARNING - /home/***/.local/lib/python3.8/site-packages/***/settings.py:194: DeprecationWarning: The sql_alchemy_conn option in [core] has been moved to the sql_alchemy_conn option in [database] - the old setting has been used, but please update your config.
  SQL_ALCHEMY_CONN = conf.get("database", "SQL_ALCHEMY_CONN")

[2025-07-28T06:02:39.025+0000] {task_command.py:423} INFO - Running <TaskInstance: bids_subjects.upload_bids_data_to_es manual__2025-07-28T06:02:36.791938+00:00 [running]> on host 6b8fcca183c1
[2025-07-28T06:02:39.085+0000] {taskinstance.py:2480} INFO - Exporting env vars: AIRFLOW_CTX_DAG_OWNER='***' AIRFLOW_CTX_DAG_ID='bids_subjects' AIRFLOW_CTX_TASK_ID='upload_bids_data_to_es' AIRFLOW_CTX_EXECUTION_DATE='2025-07-28T06:02:36.791938+00:00' AIRFLOW_CTX_TRY_NUMBER='1' AIRFLOW_CTX_DAG_RUN_ID='manual__2025-07-28T06:02:36.791938+00:00'
[2025-07-28T06:02:52.322+0000] {_transport.py:335} INFO - HEAD http://elasticsearch:9200/ [status:200 duration:0.003s]
[2025-07-28T06:02:52.324+0000] {_transport.py:335} INFO - HEAD http://elasticsearch:9200/subject_6040 [status:404 duration:0.002s]
[2025-07-28T06:02:52.360+0000] {_transport.py:335} INFO - PUT http://elasticsearch:9200/subject_6040 [status:400 duration:0.035s]
[2025-07-28T06:02:52.361+0000] {taskinstance.py:2698} ERROR - Task failed with exception
Traceback (most recent call last):
  File "/home/airflow/.local/lib/python3.8/site-packages/airflow/models/taskinstance.py", line 433, in _execute_task
    result = execute_callable(context=context, **execute_callable_kwargs)
  File "/home/airflow/.local/lib/python3.8/site-packages/airflow/operators/python.py", line 199, in execute
    return_value = self.execute_callable()
  File "/home/airflow/.local/lib/python3.8/site-packages/airflow/operators/python.py", line 216, in execute_callable
    return self.python_callable(*self.op_args, **self.op_kwargs)
  File "/opt/airflow/dags/subject_4060_dag.py", line 75, in upload_to_elasticsearch
    es.indices.create(index=index_name)
  File "/home/airflow/.local/lib/python3.8/site-packages/elasticsearch/_sync/client/utils.py", line 402, in wrapped
    return api(*args, **kwargs)
  File "/home/airflow/.local/lib/python3.8/site-packages/elasticsearch/_sync/client/indices.py", line 493, in create
    return self.perform_request(  # type: ignore[return-value]
  File "/home/airflow/.local/lib/python3.8/site-packages/elasticsearch/_sync/client/_base.py", line 389, in perform_request
    return self._client.perform_request(
  File "/home/airflow/.local/lib/python3.8/site-packages/elasticsearch/_sync/client/_base.py", line 320, in perform_request
    raise HTTP_EXCEPTIONS.get(meta.status, ApiError)(
elasticsearch.BadRequestError: BadRequestError(400, 'resource_already_exists_exception', 'index [subject_6040/3NMdRqXnT2uKh-jy9NswNw] already exists')
[2025-07-28T06:02:52.374+0000] {taskinstance.py:1138} INFO - Marking task as FAILED. dag_id=bids_subjects, task_id=upload_bids_data_to_es, execution_date=20250728T060236, start_date=20250728T060238, end_date=20250728T060252
[2025-07-28T06:02:52.400+0000] {standard_task_runner.py:107} ERROR - Failed to execute job 11 for task upload_bids_data_to_es (BadRequestError(400, 'resource_already_exists_exception', 'index [subject_6040/3NMdRqXnT2uKh-jy9NswNw] already exists'); 60)
[2025-07-28T06:02:52.426+0000] {local_task_job_runner.py:234} INFO - Task exited with return code 1
[2025-07-28T06:02:52.441+0000] {taskinstance.py:3280} INFO - 0 downstream tasks scheduled from follow-on schedule check
