[2025-08-11T16:45:12.498+0000] {taskinstance.py:1956} INFO - Dependencies all met for dep_context=non-requeueable deps ti=<TaskInstance: bids_subjects_6040.upload_bids_data_to_es scheduled__2025-08-10T00:00:00+00:00 [queued]>
[2025-08-11T16:45:12.510+0000] {taskinstance.py:1956} INFO - Dependencies all met for dep_context=requeueable deps ti=<TaskInstance: bids_subjects_6040.upload_bids_data_to_es scheduled__2025-08-10T00:00:00+00:00 [queued]>
[2025-08-11T16:45:12.511+0000] {taskinstance.py:2170} INFO - Starting attempt 1 of 1
[2025-08-11T16:45:12.528+0000] {taskinstance.py:2191} INFO - Executing <Task(PythonOperator): upload_bids_data_to_es> on 2025-08-10 00:00:00+00:00
[2025-08-11T16:45:12.535+0000] {standard_task_runner.py:60} INFO - Started process 67 to run task
[2025-08-11T16:45:12.539+0000] {standard_task_runner.py:87} INFO - Running: ['***', 'tasks', 'run', 'bids_subjects_6040', 'upload_bids_data_to_es', 'scheduled__2025-08-10T00:00:00+00:00', '--job-id', '37', '--raw', '--subdir', 'DAGS_FOLDER/subject_6040_dag.py', '--cfg-path', '/tmp/tmpipw193nq']
[2025-08-11T16:45:12.542+0000] {standard_task_runner.py:88} INFO - Job 37: Subtask upload_bids_data_to_es
[2025-08-11T16:45:12.562+0000] {warnings.py:109} WARNING - /home/***/.local/lib/python3.8/site-packages/***/settings.py:194: DeprecationWarning: The sql_alchemy_conn option in [core] has been moved to the sql_alchemy_conn option in [database] - the old setting has been used, but please update your config.
  SQL_ALCHEMY_CONN = conf.get("database", "SQL_ALCHEMY_CONN")

[2025-08-11T16:45:12.606+0000] {task_command.py:423} INFO - Running <TaskInstance: bids_subjects_6040.upload_bids_data_to_es scheduled__2025-08-10T00:00:00+00:00 [running]> on host 6b8fcca183c1
[2025-08-11T16:45:12.682+0000] {taskinstance.py:2480} INFO - Exporting env vars: AIRFLOW_CTX_DAG_OWNER='***' AIRFLOW_CTX_DAG_ID='bids_subjects_6040' AIRFLOW_CTX_TASK_ID='upload_bids_data_to_es' AIRFLOW_CTX_EXECUTION_DATE='2025-08-10T00:00:00+00:00' AIRFLOW_CTX_TRY_NUMBER='1' AIRFLOW_CTX_DAG_RUN_ID='scheduled__2025-08-10T00:00:00+00:00'
[2025-08-11T16:45:26.309+0000] {_transport.py:335} INFO - HEAD http://elasticsearch:9200/ [status:200 duration:0.027s]
[2025-08-11T16:45:26.317+0000] {_transport.py:335} INFO - HEAD http://elasticsearch:9200/subject_6040 [status:200 duration:0.007s]
[2025-08-11T16:45:26.462+0000] {_transport.py:335} INFO - DELETE http://elasticsearch:9200/subject_6040 [status:200 duration:0.144s]
[2025-08-11T16:45:26.615+0000] {_transport.py:335} INFO - PUT http://elasticsearch:9200/subject_6040 [status:200 duration:0.152s]
[2025-08-11T16:45:26.682+0000] {_transport.py:335} INFO - PUT http://elasticsearch:9200/_bulk [status:200 duration:0.066s]
[2025-08-11T16:45:26.684+0000] {python.py:201} INFO - Done. Returned value was: None
[2025-08-11T16:45:26.691+0000] {taskinstance.py:1138} INFO - Marking task as SUCCESS. dag_id=bids_subjects_6040, task_id=upload_bids_data_to_es, execution_date=20250810T000000, start_date=20250811T164512, end_date=20250811T164526
[2025-08-11T16:45:26.744+0000] {local_task_job_runner.py:234} INFO - Task exited with return code 0
[2025-08-11T16:45:26.755+0000] {taskinstance.py:3280} INFO - 0 downstream tasks scheduled from follow-on schedule check
