[2025-07-27T19:14:33.810+0000] {taskinstance.py:1956} INFO - Dependencies all met for dep_context=non-requeueable deps ti=<TaskInstance: bids_to_elasticsearch_dag.upload_bids_data_to_es manual__2025-07-27T19:14:32.579483+00:00 [queued]>
[2025-07-27T19:14:33.816+0000] {taskinstance.py:1956} INFO - Dependencies all met for dep_context=requeueable deps ti=<TaskInstance: bids_to_elasticsearch_dag.upload_bids_data_to_es manual__2025-07-27T19:14:32.579483+00:00 [queued]>
[2025-07-27T19:14:33.817+0000] {taskinstance.py:2170} INFO - Starting attempt 1 of 1
[2025-07-27T19:14:33.830+0000] {taskinstance.py:2191} INFO - Executing <Task(PythonOperator): upload_bids_data_to_es> on 2025-07-27 19:14:32.579483+00:00
[2025-07-27T19:14:33.835+0000] {standard_task_runner.py:60} INFO - Started process 62 to run task
[2025-07-27T19:14:33.839+0000] {standard_task_runner.py:87} INFO - Running: ['***', 'tasks', 'run', 'bids_to_elasticsearch_dag', 'upload_bids_data_to_es', 'manual__2025-07-27T19:14:32.579483+00:00', '--job-id', '5', '--raw', '--subdir', 'DAGS_FOLDER/bids_to_es_dag.py', '--cfg-path', '/tmp/tmp7lplpqvy']
[2025-07-27T19:14:33.842+0000] {standard_task_runner.py:88} INFO - Job 5: Subtask upload_bids_data_to_es
[2025-07-27T19:14:33.853+0000] {warnings.py:109} WARNING - /home/***/.local/lib/python3.8/site-packages/***/settings.py:194: DeprecationWarning: The sql_alchemy_conn option in [core] has been moved to the sql_alchemy_conn option in [database] - the old setting has been used, but please update your config.
  SQL_ALCHEMY_CONN = conf.get("database", "SQL_ALCHEMY_CONN")

[2025-07-27T19:14:33.887+0000] {task_command.py:423} INFO - Running <TaskInstance: bids_to_elasticsearch_dag.upload_bids_data_to_es manual__2025-07-27T19:14:32.579483+00:00 [running]> on host 6b8fcca183c1
[2025-07-27T19:14:33.951+0000] {taskinstance.py:2480} INFO - Exporting env vars: AIRFLOW_CTX_DAG_OWNER='***' AIRFLOW_CTX_DAG_ID='bids_to_elasticsearch_dag' AIRFLOW_CTX_TASK_ID='upload_bids_data_to_es' AIRFLOW_CTX_EXECUTION_DATE='2025-07-27T19:14:32.579483+00:00' AIRFLOW_CTX_TRY_NUMBER='1' AIRFLOW_CTX_DAG_RUN_ID='manual__2025-07-27T19:14:32.579483+00:00'
[2025-07-27T19:14:44.442+0000] {warnings.py:109} WARNING - /home/***/.local/lib/python3.8/site-packages/bids/layout/models.py:230: UserWarning: Accessing entities as attributes is deprecated as of 0.7. Please use the .entities dictionary instead (i.e., .entities['datatype'] instead of .datatype.
  warnings.warn("Accessing entities as attributes is deprecated as "

[2025-07-27T19:14:44.708+0000] {_transport.py:335} INFO - HEAD http://elasticsearch:9200/ [status:200 duration:0.003s]
[2025-07-27T19:14:44.711+0000] {_transport.py:335} INFO - HEAD http://elasticsearch:9200/subject_v2 [status:200 duration:0.002s]
[2025-07-27T19:14:44.746+0000] {_transport.py:335} INFO - DELETE http://elasticsearch:9200/subject_v2 [status:200 duration:0.034s]
[2025-07-27T19:14:44.842+0000] {_transport.py:335} INFO - PUT http://elasticsearch:9200/subject_v2 [status:200 duration:0.095s]
[2025-07-27T19:14:44.880+0000] {_transport.py:335} INFO - PUT http://elasticsearch:9200/_bulk [status:200 duration:0.036s]
[2025-07-27T19:14:44.881+0000] {python.py:201} INFO - Done. Returned value was: None
[2025-07-27T19:14:44.888+0000] {taskinstance.py:1138} INFO - Marking task as SUCCESS. dag_id=bids_to_elasticsearch_dag, task_id=upload_bids_data_to_es, execution_date=20250727T191432, start_date=20250727T191433, end_date=20250727T191444
[2025-07-27T19:14:44.952+0000] {local_task_job_runner.py:234} INFO - Task exited with return code 0
[2025-07-27T19:14:44.965+0000] {taskinstance.py:3280} INFO - 0 downstream tasks scheduled from follow-on schedule check
