[2025-07-28T10:38:54.666+0000] {taskinstance.py:1956} INFO - Dependencies all met for dep_context=non-requeueable deps ti=<TaskInstance: bids_subjects_6040.upload_bids_data_to_es manual__2025-07-28T10:38:52.048305+00:00 [queued]>
[2025-07-28T10:38:54.677+0000] {taskinstance.py:1956} INFO - Dependencies all met for dep_context=requeueable deps ti=<TaskInstance: bids_subjects_6040.upload_bids_data_to_es manual__2025-07-28T10:38:52.048305+00:00 [queued]>
[2025-07-28T10:38:54.677+0000] {taskinstance.py:2170} INFO - Starting attempt 1 of 1
[2025-07-28T10:38:54.705+0000] {taskinstance.py:2191} INFO - Executing <Task(PythonOperator): upload_bids_data_to_es> on 2025-07-28 10:38:52.048305+00:00
[2025-07-28T10:38:54.709+0000] {standard_task_runner.py:60} INFO - Started process 73 to run task
[2025-07-28T10:38:54.716+0000] {standard_task_runner.py:87} INFO - Running: ['***', 'tasks', 'run', 'bids_subjects_6040', 'upload_bids_data_to_es', 'manual__2025-07-28T10:38:52.048305+00:00', '--job-id', '15', '--raw', '--subdir', 'DAGS_FOLDER/subject_6040_dag.py', '--cfg-path', '/tmp/tmpo81m5lna']
[2025-07-28T10:38:54.719+0000] {standard_task_runner.py:88} INFO - Job 15: Subtask upload_bids_data_to_es
[2025-07-28T10:38:54.754+0000] {warnings.py:109} WARNING - /home/***/.local/lib/python3.8/site-packages/***/settings.py:194: DeprecationWarning: The sql_alchemy_conn option in [core] has been moved to the sql_alchemy_conn option in [database] - the old setting has been used, but please update your config.
  SQL_ALCHEMY_CONN = conf.get("database", "SQL_ALCHEMY_CONN")

[2025-07-28T10:38:54.806+0000] {task_command.py:423} INFO - Running <TaskInstance: bids_subjects_6040.upload_bids_data_to_es manual__2025-07-28T10:38:52.048305+00:00 [running]> on host 6b8fcca183c1
[2025-07-28T10:38:54.929+0000] {taskinstance.py:2480} INFO - Exporting env vars: AIRFLOW_CTX_DAG_OWNER='***' AIRFLOW_CTX_DAG_ID='bids_subjects_6040' AIRFLOW_CTX_TASK_ID='upload_bids_data_to_es' AIRFLOW_CTX_EXECUTION_DATE='2025-07-28T10:38:52.048305+00:00' AIRFLOW_CTX_TRY_NUMBER='1' AIRFLOW_CTX_DAG_RUN_ID='manual__2025-07-28T10:38:52.048305+00:00'
[2025-07-28T10:39:21.479+0000] {_transport.py:335} INFO - HEAD http://elasticsearch:9200/ [status:200 duration:0.008s]
[2025-07-28T10:39:21.483+0000] {_transport.py:335} INFO - HEAD http://elasticsearch:9200/subject_6040 [status:200 duration:0.003s]
[2025-07-28T10:39:21.594+0000] {_transport.py:335} INFO - DELETE http://elasticsearch:9200/subject_6040 [status:200 duration:0.110s]
[2025-07-28T10:39:21.822+0000] {_transport.py:335} INFO - PUT http://elasticsearch:9200/subject_6040 [status:200 duration:0.224s]
[2025-07-28T10:39:21.930+0000] {_transport.py:335} INFO - PUT http://elasticsearch:9200/_bulk [status:200 duration:0.106s]
[2025-07-28T10:39:21.931+0000] {python.py:201} INFO - Done. Returned value was: None
[2025-07-28T10:39:21.942+0000] {taskinstance.py:1138} INFO - Marking task as SUCCESS. dag_id=bids_subjects_6040, task_id=upload_bids_data_to_es, execution_date=20250728T103852, start_date=20250728T103854, end_date=20250728T103921
[2025-07-28T10:39:22.039+0000] {local_task_job_runner.py:234} INFO - Task exited with return code 0
[2025-07-28T10:39:22.058+0000] {taskinstance.py:3280} INFO - 0 downstream tasks scheduled from follow-on schedule check
