[2025-08-02T15:42:15.403+0000] {taskinstance.py:1956} INFO - Dependencies all met for dep_context=non-requeueable deps ti=<TaskInstance: bids_subjects_6040.upload_bids_data_to_es scheduled__2025-08-01T00:00:00+00:00 [queued]>
[2025-08-02T15:42:15.415+0000] {taskinstance.py:1956} INFO - Dependencies all met for dep_context=requeueable deps ti=<TaskInstance: bids_subjects_6040.upload_bids_data_to_es scheduled__2025-08-01T00:00:00+00:00 [queued]>
[2025-08-02T15:42:15.416+0000] {taskinstance.py:2170} INFO - Starting attempt 1 of 1
[2025-08-02T15:42:15.431+0000] {taskinstance.py:2191} INFO - Executing <Task(PythonOperator): upload_bids_data_to_es> on 2025-08-01 00:00:00+00:00
[2025-08-02T15:42:15.438+0000] {standard_task_runner.py:60} INFO - Started process 52 to run task
[2025-08-02T15:42:15.442+0000] {standard_task_runner.py:87} INFO - Running: ['***', 'tasks', 'run', 'bids_subjects_6040', 'upload_bids_data_to_es', 'scheduled__2025-08-01T00:00:00+00:00', '--job-id', '26', '--raw', '--subdir', 'DAGS_FOLDER/subject_6040_dag.py', '--cfg-path', '/tmp/tmpnxf3w8_9']
[2025-08-02T15:42:15.445+0000] {standard_task_runner.py:88} INFO - Job 26: Subtask upload_bids_data_to_es
[2025-08-02T15:42:15.463+0000] {warnings.py:109} WARNING - /home/***/.local/lib/python3.8/site-packages/***/settings.py:194: DeprecationWarning: The sql_alchemy_conn option in [core] has been moved to the sql_alchemy_conn option in [database] - the old setting has been used, but please update your config.
  SQL_ALCHEMY_CONN = conf.get("database", "SQL_ALCHEMY_CONN")

[2025-08-02T15:42:15.510+0000] {task_command.py:423} INFO - Running <TaskInstance: bids_subjects_6040.upload_bids_data_to_es scheduled__2025-08-01T00:00:00+00:00 [running]> on host 6b8fcca183c1
[2025-08-02T15:42:15.623+0000] {taskinstance.py:2480} INFO - Exporting env vars: AIRFLOW_CTX_DAG_OWNER='***' AIRFLOW_CTX_DAG_ID='bids_subjects_6040' AIRFLOW_CTX_TASK_ID='upload_bids_data_to_es' AIRFLOW_CTX_EXECUTION_DATE='2025-08-01T00:00:00+00:00' AIRFLOW_CTX_TRY_NUMBER='1' AIRFLOW_CTX_DAG_RUN_ID='scheduled__2025-08-01T00:00:00+00:00'
[2025-08-02T15:42:40.997+0000] {_transport.py:335} INFO - HEAD http://elasticsearch:9200/ [status:200 duration:0.006s]
[2025-08-02T15:42:41.002+0000] {_transport.py:335} INFO - HEAD http://elasticsearch:9200/subject_6040 [status:200 duration:0.004s]
[2025-08-02T15:42:41.062+0000] {_transport.py:335} INFO - DELETE http://elasticsearch:9200/subject_6040 [status:200 duration:0.059s]
[2025-08-02T15:42:41.272+0000] {_transport.py:335} INFO - PUT http://elasticsearch:9200/subject_6040 [status:200 duration:0.209s]
[2025-08-02T15:42:41.358+0000] {_transport.py:335} INFO - PUT http://elasticsearch:9200/_bulk [status:200 duration:0.084s]
[2025-08-02T15:42:41.360+0000] {python.py:201} INFO - Done. Returned value was: None
[2025-08-02T15:42:41.373+0000] {taskinstance.py:1138} INFO - Marking task as SUCCESS. dag_id=bids_subjects_6040, task_id=upload_bids_data_to_es, execution_date=20250801T000000, start_date=20250802T154215, end_date=20250802T154241
[2025-08-02T15:42:41.410+0000] {local_task_job_runner.py:234} INFO - Task exited with return code 0
[2025-08-02T15:42:41.424+0000] {taskinstance.py:3280} INFO - 0 downstream tasks scheduled from follow-on schedule check
