[2025-07-29T14:55:59.609+0000] {taskinstance.py:1956} INFO - Dependencies all met for dep_context=non-requeueable deps ti=<TaskInstance: bids_subjects_6040.upload_bids_data_to_es manual__2025-07-29T14:55:58.226823+00:00 [queued]>
[2025-07-29T14:55:59.618+0000] {taskinstance.py:1956} INFO - Dependencies all met for dep_context=requeueable deps ti=<TaskInstance: bids_subjects_6040.upload_bids_data_to_es manual__2025-07-29T14:55:58.226823+00:00 [queued]>
[2025-07-29T14:55:59.620+0000] {taskinstance.py:2170} INFO - Starting attempt 1 of 1
[2025-07-29T14:55:59.639+0000] {taskinstance.py:2191} INFO - Executing <Task(PythonOperator): upload_bids_data_to_es> on 2025-07-29 14:55:58.226823+00:00
[2025-07-29T14:55:59.644+0000] {standard_task_runner.py:60} INFO - Started process 56 to run task
[2025-07-29T14:55:59.648+0000] {standard_task_runner.py:87} INFO - Running: ['***', 'tasks', 'run', 'bids_subjects_6040', 'upload_bids_data_to_es', 'manual__2025-07-29T14:55:58.226823+00:00', '--job-id', '22', '--raw', '--subdir', 'DAGS_FOLDER/subject_6040_dag.py', '--cfg-path', '/tmp/tmp8lt3m2lw']
[2025-07-29T14:55:59.654+0000] {standard_task_runner.py:88} INFO - Job 22: Subtask upload_bids_data_to_es
[2025-07-29T14:55:59.672+0000] {warnings.py:109} WARNING - /home/***/.local/lib/python3.8/site-packages/***/settings.py:194: DeprecationWarning: The sql_alchemy_conn option in [core] has been moved to the sql_alchemy_conn option in [database] - the old setting has been used, but please update your config.
  SQL_ALCHEMY_CONN = conf.get("database", "SQL_ALCHEMY_CONN")

[2025-07-29T14:55:59.715+0000] {task_command.py:423} INFO - Running <TaskInstance: bids_subjects_6040.upload_bids_data_to_es manual__2025-07-29T14:55:58.226823+00:00 [running]> on host 6b8fcca183c1
[2025-07-29T14:55:59.800+0000] {taskinstance.py:2480} INFO - Exporting env vars: AIRFLOW_CTX_DAG_OWNER='***' AIRFLOW_CTX_DAG_ID='bids_subjects_6040' AIRFLOW_CTX_TASK_ID='upload_bids_data_to_es' AIRFLOW_CTX_EXECUTION_DATE='2025-07-29T14:55:58.226823+00:00' AIRFLOW_CTX_TRY_NUMBER='1' AIRFLOW_CTX_DAG_RUN_ID='manual__2025-07-29T14:55:58.226823+00:00'
[2025-07-29T14:56:19.083+0000] {_transport.py:335} INFO - HEAD http://elasticsearch:9200/ [status:200 duration:0.004s]
[2025-07-29T14:56:19.087+0000] {_transport.py:335} INFO - HEAD http://elasticsearch:9200/subject_6040 [status:200 duration:0.003s]
[2025-07-29T14:56:19.137+0000] {_transport.py:335} INFO - DELETE http://elasticsearch:9200/subject_6040 [status:200 duration:0.048s]
[2025-07-29T14:56:19.283+0000] {_transport.py:335} INFO - PUT http://elasticsearch:9200/subject_6040 [status:200 duration:0.146s]
[2025-07-29T14:56:19.301+0000] {_transport.py:335} INFO - PUT http://elasticsearch:9200/_bulk [status:200 duration:0.016s]
[2025-07-29T14:56:19.303+0000] {taskinstance.py:2698} ERROR - Task failed with exception
Traceback (most recent call last):
  File "/home/airflow/.local/lib/python3.8/site-packages/airflow/models/taskinstance.py", line 433, in _execute_task
    result = execute_callable(context=context, **execute_callable_kwargs)
  File "/home/airflow/.local/lib/python3.8/site-packages/airflow/operators/python.py", line 199, in execute
    return_value = self.execute_callable()
  File "/home/airflow/.local/lib/python3.8/site-packages/airflow/operators/python.py", line 216, in execute_callable
    return self.python_callable(*self.op_args, **self.op_kwargs)
  File "/opt/airflow/dags/subject_6040_dag.py", line 76, in upload_to_elasticsearch
    bulk(es, actions)
  File "/home/airflow/.local/lib/python3.8/site-packages/elasticsearch/helpers/actions.py", line 521, in bulk
    for ok, item in streaming_bulk(
  File "/home/airflow/.local/lib/python3.8/site-packages/elasticsearch/helpers/actions.py", line 436, in streaming_bulk
    for data, (ok, info) in zip(
  File "/home/airflow/.local/lib/python3.8/site-packages/elasticsearch/helpers/actions.py", line 355, in _process_bulk_chunk
    yield from gen
  File "/home/airflow/.local/lib/python3.8/site-packages/elasticsearch/helpers/actions.py", line 274, in _process_bulk_chunk_success
    raise BulkIndexError(f"{len(errors)} document(s) failed to index.", errors)
elasticsearch.helpers.BulkIndexError: 28 document(s) failed to index.
[2025-07-29T14:56:19.316+0000] {taskinstance.py:1138} INFO - Marking task as FAILED. dag_id=bids_subjects_6040, task_id=upload_bids_data_to_es, execution_date=20250729T145558, start_date=20250729T145559, end_date=20250729T145619
[2025-07-29T14:56:19.330+0000] {standard_task_runner.py:107} ERROR - Failed to execute job 22 for task upload_bids_data_to_es (28 document(s) failed to index.; 56)
[2025-07-29T14:56:19.383+0000] {local_task_job_runner.py:234} INFO - Task exited with return code 1
[2025-07-29T14:56:19.411+0000] {taskinstance.py:3280} INFO - 0 downstream tasks scheduled from follow-on schedule check
