[2025-07-28T05:59:45.980+0000] {processor.py:161} INFO - Started process (PID=138) to work on /opt/airflow/dags/subject_4060_dag.py
[2025-07-28T05:59:45.981+0000] {processor.py:830} INFO - Processing file /opt/airflow/dags/subject_4060_dag.py for tasks to queue
[2025-07-28T05:59:45.982+0000] {logging_mixin.py:188} INFO - [2025-07-28T05:59:45.982+0000] {dagbag.py:538} INFO - Filling up the DagBag from /opt/airflow/dags/subject_4060_dag.py
[2025-07-28T05:59:47.753+0000] {processor.py:840} INFO - DAG(s) 'bids_subjects' retrieved from /opt/airflow/dags/subject_4060_dag.py
[2025-07-28T05:59:49.478+0000] {logging_mixin.py:188} INFO - [2025-07-28T05:59:49.478+0000] {dag.py:3036} INFO - Sync 1 DAGs
[2025-07-28T05:59:49.496+0000] {logging_mixin.py:188} INFO - [2025-07-28T05:59:49.495+0000] {dag.py:3823} INFO - Setting next_dagrun for bids_subjects to 2025-07-27 00:00:00+00:00, run_after=2025-07-28 00:00:00+00:00
[2025-07-28T05:59:49.522+0000] {processor.py:183} INFO - Processing /opt/airflow/dags/subject_4060_dag.py took 3.545 seconds
[2025-07-28T06:00:19.675+0000] {processor.py:161} INFO - Started process (PID=142) to work on /opt/airflow/dags/subject_4060_dag.py
[2025-07-28T06:00:19.677+0000] {processor.py:830} INFO - Processing file /opt/airflow/dags/subject_4060_dag.py for tasks to queue
[2025-07-28T06:00:19.678+0000] {logging_mixin.py:188} INFO - [2025-07-28T06:00:19.677+0000] {dagbag.py:538} INFO - Filling up the DagBag from /opt/airflow/dags/subject_4060_dag.py
[2025-07-28T06:00:20.042+0000] {processor.py:840} INFO - DAG(s) 'bids_subjects' retrieved from /opt/airflow/dags/subject_4060_dag.py
[2025-07-28T06:00:20.067+0000] {logging_mixin.py:188} INFO - [2025-07-28T06:00:20.067+0000] {dag.py:3036} INFO - Sync 1 DAGs
[2025-07-28T06:00:20.085+0000] {logging_mixin.py:188} INFO - [2025-07-28T06:00:20.085+0000] {dag.py:3823} INFO - Setting next_dagrun for bids_subjects to 2025-07-27 00:00:00+00:00, run_after=2025-07-28 00:00:00+00:00
[2025-07-28T06:00:20.104+0000] {processor.py:183} INFO - Processing /opt/airflow/dags/subject_4060_dag.py took 0.432 seconds
[2025-07-28T06:00:50.424+0000] {processor.py:161} INFO - Started process (PID=146) to work on /opt/airflow/dags/subject_4060_dag.py
[2025-07-28T06:00:50.425+0000] {processor.py:830} INFO - Processing file /opt/airflow/dags/subject_4060_dag.py for tasks to queue
[2025-07-28T06:00:50.426+0000] {logging_mixin.py:188} INFO - [2025-07-28T06:00:50.426+0000] {dagbag.py:538} INFO - Filling up the DagBag from /opt/airflow/dags/subject_4060_dag.py
[2025-07-28T06:00:50.770+0000] {processor.py:840} INFO - DAG(s) 'bids_subjects' retrieved from /opt/airflow/dags/subject_4060_dag.py
[2025-07-28T06:00:50.798+0000] {logging_mixin.py:188} INFO - [2025-07-28T06:00:50.798+0000] {dag.py:3036} INFO - Sync 1 DAGs
[2025-07-28T06:00:50.821+0000] {logging_mixin.py:188} INFO - [2025-07-28T06:00:50.821+0000] {dag.py:3823} INFO - Setting next_dagrun for bids_subjects to 2025-07-27 00:00:00+00:00, run_after=2025-07-28 00:00:00+00:00
[2025-07-28T06:00:50.838+0000] {processor.py:183} INFO - Processing /opt/airflow/dags/subject_4060_dag.py took 0.417 seconds
[2025-07-28T06:01:21.137+0000] {processor.py:161} INFO - Started process (PID=150) to work on /opt/airflow/dags/subject_4060_dag.py
[2025-07-28T06:01:21.138+0000] {processor.py:830} INFO - Processing file /opt/airflow/dags/subject_4060_dag.py for tasks to queue
[2025-07-28T06:01:21.139+0000] {logging_mixin.py:188} INFO - [2025-07-28T06:01:21.139+0000] {dagbag.py:538} INFO - Filling up the DagBag from /opt/airflow/dags/subject_4060_dag.py
[2025-07-28T06:01:21.472+0000] {processor.py:840} INFO - DAG(s) 'bids_subjects' retrieved from /opt/airflow/dags/subject_4060_dag.py
[2025-07-28T06:01:21.494+0000] {logging_mixin.py:188} INFO - [2025-07-28T06:01:21.493+0000] {dag.py:3036} INFO - Sync 1 DAGs
[2025-07-28T06:01:21.512+0000] {logging_mixin.py:188} INFO - [2025-07-28T06:01:21.511+0000] {dag.py:3823} INFO - Setting next_dagrun for bids_subjects to 2025-07-27 00:00:00+00:00, run_after=2025-07-28 00:00:00+00:00
[2025-07-28T06:01:21.534+0000] {processor.py:183} INFO - Processing /opt/airflow/dags/subject_4060_dag.py took 0.399 seconds
[2025-07-28T06:01:51.837+0000] {processor.py:161} INFO - Started process (PID=154) to work on /opt/airflow/dags/subject_4060_dag.py
[2025-07-28T06:01:51.838+0000] {processor.py:830} INFO - Processing file /opt/airflow/dags/subject_4060_dag.py for tasks to queue
[2025-07-28T06:01:51.839+0000] {logging_mixin.py:188} INFO - [2025-07-28T06:01:51.839+0000] {dagbag.py:538} INFO - Filling up the DagBag from /opt/airflow/dags/subject_4060_dag.py
[2025-07-28T06:01:52.213+0000] {processor.py:840} INFO - DAG(s) 'bids_subjects' retrieved from /opt/airflow/dags/subject_4060_dag.py
[2025-07-28T06:01:52.237+0000] {logging_mixin.py:188} INFO - [2025-07-28T06:01:52.236+0000] {dag.py:3036} INFO - Sync 1 DAGs
[2025-07-28T06:01:52.255+0000] {logging_mixin.py:188} INFO - [2025-07-28T06:01:52.255+0000] {dag.py:3823} INFO - Setting next_dagrun for bids_subjects to 2025-07-27 00:00:00+00:00, run_after=2025-07-28 00:00:00+00:00
[2025-07-28T06:01:52.274+0000] {processor.py:183} INFO - Processing /opt/airflow/dags/subject_4060_dag.py took 0.440 seconds
[2025-07-28T06:02:22.573+0000] {processor.py:161} INFO - Started process (PID=158) to work on /opt/airflow/dags/subject_4060_dag.py
[2025-07-28T06:02:22.573+0000] {processor.py:830} INFO - Processing file /opt/airflow/dags/subject_4060_dag.py for tasks to queue
[2025-07-28T06:02:22.575+0000] {logging_mixin.py:188} INFO - [2025-07-28T06:02:22.574+0000] {dagbag.py:538} INFO - Filling up the DagBag from /opt/airflow/dags/subject_4060_dag.py
[2025-07-28T06:02:23.309+0000] {processor.py:840} INFO - DAG(s) 'bids_subjects' retrieved from /opt/airflow/dags/subject_4060_dag.py
[2025-07-28T06:02:23.329+0000] {logging_mixin.py:188} INFO - [2025-07-28T06:02:23.328+0000] {dag.py:3036} INFO - Sync 1 DAGs
[2025-07-28T06:02:23.348+0000] {logging_mixin.py:188} INFO - [2025-07-28T06:02:23.347+0000] {dag.py:3823} INFO - Setting next_dagrun for bids_subjects to 2025-07-27 00:00:00+00:00, run_after=2025-07-28 00:00:00+00:00
[2025-07-28T06:02:23.366+0000] {processor.py:183} INFO - Processing /opt/airflow/dags/subject_4060_dag.py took 0.796 seconds
[2025-07-28T06:02:54.071+0000] {processor.py:161} INFO - Started process (PID=166) to work on /opt/airflow/dags/subject_4060_dag.py
[2025-07-28T06:02:54.072+0000] {processor.py:830} INFO - Processing file /opt/airflow/dags/subject_4060_dag.py for tasks to queue
[2025-07-28T06:02:54.072+0000] {logging_mixin.py:188} INFO - [2025-07-28T06:02:54.072+0000] {dagbag.py:538} INFO - Filling up the DagBag from /opt/airflow/dags/subject_4060_dag.py
[2025-07-28T06:02:54.421+0000] {processor.py:840} INFO - DAG(s) 'bids_subjects' retrieved from /opt/airflow/dags/subject_4060_dag.py
[2025-07-28T06:02:54.441+0000] {logging_mixin.py:188} INFO - [2025-07-28T06:02:54.441+0000] {dag.py:3036} INFO - Sync 1 DAGs
[2025-07-28T06:02:54.459+0000] {logging_mixin.py:188} INFO - [2025-07-28T06:02:54.459+0000] {dag.py:3823} INFO - Setting next_dagrun for bids_subjects to 2025-07-28 00:00:00+00:00, run_after=2025-07-29 00:00:00+00:00
[2025-07-28T06:02:54.518+0000] {processor.py:183} INFO - Processing /opt/airflow/dags/subject_4060_dag.py took 0.450 seconds
[2025-07-28T06:03:24.851+0000] {processor.py:161} INFO - Started process (PID=170) to work on /opt/airflow/dags/subject_4060_dag.py
[2025-07-28T06:03:24.852+0000] {processor.py:830} INFO - Processing file /opt/airflow/dags/subject_4060_dag.py for tasks to queue
[2025-07-28T06:03:24.853+0000] {logging_mixin.py:188} INFO - [2025-07-28T06:03:24.853+0000] {dagbag.py:538} INFO - Filling up the DagBag from /opt/airflow/dags/subject_4060_dag.py
[2025-07-28T06:03:25.179+0000] {processor.py:840} INFO - DAG(s) 'bids_subjects' retrieved from /opt/airflow/dags/subject_4060_dag.py
[2025-07-28T06:03:25.202+0000] {logging_mixin.py:188} INFO - [2025-07-28T06:03:25.201+0000] {dag.py:3036} INFO - Sync 1 DAGs
[2025-07-28T06:03:25.219+0000] {logging_mixin.py:188} INFO - [2025-07-28T06:03:25.219+0000] {dag.py:3823} INFO - Setting next_dagrun for bids_subjects to 2025-07-28 00:00:00+00:00, run_after=2025-07-29 00:00:00+00:00
[2025-07-28T06:03:25.237+0000] {processor.py:183} INFO - Processing /opt/airflow/dags/subject_4060_dag.py took 0.389 seconds
[2025-07-28T06:03:55.483+0000] {processor.py:161} INFO - Started process (PID=174) to work on /opt/airflow/dags/subject_4060_dag.py
[2025-07-28T06:03:55.483+0000] {processor.py:830} INFO - Processing file /opt/airflow/dags/subject_4060_dag.py for tasks to queue
[2025-07-28T06:03:55.484+0000] {logging_mixin.py:188} INFO - [2025-07-28T06:03:55.484+0000] {dagbag.py:538} INFO - Filling up the DagBag from /opt/airflow/dags/subject_4060_dag.py
[2025-07-28T06:03:55.804+0000] {processor.py:840} INFO - DAG(s) 'bids_subjects' retrieved from /opt/airflow/dags/subject_4060_dag.py
[2025-07-28T06:03:55.824+0000] {logging_mixin.py:188} INFO - [2025-07-28T06:03:55.824+0000] {dag.py:3036} INFO - Sync 1 DAGs
[2025-07-28T06:03:55.841+0000] {logging_mixin.py:188} INFO - [2025-07-28T06:03:55.841+0000] {dag.py:3823} INFO - Setting next_dagrun for bids_subjects to 2025-07-28 00:00:00+00:00, run_after=2025-07-29 00:00:00+00:00
[2025-07-28T06:03:55.861+0000] {processor.py:183} INFO - Processing /opt/airflow/dags/subject_4060_dag.py took 0.381 seconds
[2025-07-28T06:04:26.162+0000] {processor.py:161} INFO - Started process (PID=178) to work on /opt/airflow/dags/subject_4060_dag.py
[2025-07-28T06:04:26.163+0000] {processor.py:830} INFO - Processing file /opt/airflow/dags/subject_4060_dag.py for tasks to queue
[2025-07-28T06:04:26.165+0000] {logging_mixin.py:188} INFO - [2025-07-28T06:04:26.164+0000] {dagbag.py:538} INFO - Filling up the DagBag from /opt/airflow/dags/subject_4060_dag.py
[2025-07-28T06:04:26.550+0000] {processor.py:840} INFO - DAG(s) 'bids_subjects' retrieved from /opt/airflow/dags/subject_4060_dag.py
[2025-07-28T06:04:26.572+0000] {logging_mixin.py:188} INFO - [2025-07-28T06:04:26.572+0000] {dag.py:3036} INFO - Sync 1 DAGs
[2025-07-28T06:04:26.590+0000] {logging_mixin.py:188} INFO - [2025-07-28T06:04:26.589+0000] {dag.py:3823} INFO - Setting next_dagrun for bids_subjects to 2025-07-28 00:00:00+00:00, run_after=2025-07-29 00:00:00+00:00
[2025-07-28T06:04:26.611+0000] {processor.py:183} INFO - Processing /opt/airflow/dags/subject_4060_dag.py took 0.452 seconds
[2025-07-28T06:04:56.856+0000] {processor.py:161} INFO - Started process (PID=182) to work on /opt/airflow/dags/subject_4060_dag.py
[2025-07-28T06:04:56.857+0000] {processor.py:830} INFO - Processing file /opt/airflow/dags/subject_4060_dag.py for tasks to queue
[2025-07-28T06:04:56.858+0000] {logging_mixin.py:188} INFO - [2025-07-28T06:04:56.858+0000] {dagbag.py:538} INFO - Filling up the DagBag from /opt/airflow/dags/subject_4060_dag.py
[2025-07-28T06:04:57.189+0000] {processor.py:840} INFO - DAG(s) 'bids_subjects' retrieved from /opt/airflow/dags/subject_4060_dag.py
[2025-07-28T06:04:57.209+0000] {logging_mixin.py:188} INFO - [2025-07-28T06:04:57.208+0000] {dag.py:3036} INFO - Sync 1 DAGs
[2025-07-28T06:04:57.226+0000] {logging_mixin.py:188} INFO - [2025-07-28T06:04:57.226+0000] {dag.py:3823} INFO - Setting next_dagrun for bids_subjects to 2025-07-28 00:00:00+00:00, run_after=2025-07-29 00:00:00+00:00
[2025-07-28T06:04:57.245+0000] {processor.py:183} INFO - Processing /opt/airflow/dags/subject_4060_dag.py took 0.392 seconds
[2025-07-28T06:05:27.510+0000] {processor.py:161} INFO - Started process (PID=186) to work on /opt/airflow/dags/subject_4060_dag.py
[2025-07-28T06:05:27.511+0000] {processor.py:830} INFO - Processing file /opt/airflow/dags/subject_4060_dag.py for tasks to queue
[2025-07-28T06:05:27.513+0000] {logging_mixin.py:188} INFO - [2025-07-28T06:05:27.512+0000] {dagbag.py:538} INFO - Filling up the DagBag from /opt/airflow/dags/subject_4060_dag.py
[2025-07-28T06:05:27.921+0000] {processor.py:840} INFO - DAG(s) 'bids_subjects' retrieved from /opt/airflow/dags/subject_4060_dag.py
[2025-07-28T06:05:27.945+0000] {logging_mixin.py:188} INFO - [2025-07-28T06:05:27.944+0000] {dag.py:3036} INFO - Sync 1 DAGs
[2025-07-28T06:05:27.971+0000] {logging_mixin.py:188} INFO - [2025-07-28T06:05:27.971+0000] {dag.py:3823} INFO - Setting next_dagrun for bids_subjects to 2025-07-28 00:00:00+00:00, run_after=2025-07-29 00:00:00+00:00
[2025-07-28T06:05:27.993+0000] {processor.py:183} INFO - Processing /opt/airflow/dags/subject_4060_dag.py took 0.486 seconds
[2025-07-28T06:05:58.294+0000] {processor.py:161} INFO - Started process (PID=190) to work on /opt/airflow/dags/subject_4060_dag.py
[2025-07-28T06:05:58.295+0000] {processor.py:830} INFO - Processing file /opt/airflow/dags/subject_4060_dag.py for tasks to queue
[2025-07-28T06:05:58.295+0000] {logging_mixin.py:188} INFO - [2025-07-28T06:05:58.295+0000] {dagbag.py:538} INFO - Filling up the DagBag from /opt/airflow/dags/subject_4060_dag.py
[2025-07-28T06:05:58.660+0000] {processor.py:840} INFO - DAG(s) 'bids_subjects' retrieved from /opt/airflow/dags/subject_4060_dag.py
[2025-07-28T06:05:58.683+0000] {logging_mixin.py:188} INFO - [2025-07-28T06:05:58.682+0000] {dag.py:3036} INFO - Sync 1 DAGs
[2025-07-28T06:05:58.715+0000] {logging_mixin.py:188} INFO - [2025-07-28T06:05:58.712+0000] {dag.py:3823} INFO - Setting next_dagrun for bids_subjects to 2025-07-28 00:00:00+00:00, run_after=2025-07-29 00:00:00+00:00
[2025-07-28T06:05:58.747+0000] {processor.py:183} INFO - Processing /opt/airflow/dags/subject_4060_dag.py took 0.456 seconds
[2025-07-28T06:06:29.051+0000] {processor.py:161} INFO - Started process (PID=194) to work on /opt/airflow/dags/subject_4060_dag.py
[2025-07-28T06:06:29.052+0000] {processor.py:830} INFO - Processing file /opt/airflow/dags/subject_4060_dag.py for tasks to queue
[2025-07-28T06:06:29.053+0000] {logging_mixin.py:188} INFO - [2025-07-28T06:06:29.053+0000] {dagbag.py:538} INFO - Filling up the DagBag from /opt/airflow/dags/subject_4060_dag.py
[2025-07-28T06:06:29.471+0000] {processor.py:840} INFO - DAG(s) 'bids_subjects' retrieved from /opt/airflow/dags/subject_4060_dag.py
[2025-07-28T06:06:29.507+0000] {logging_mixin.py:188} INFO - [2025-07-28T06:06:29.506+0000] {dag.py:3036} INFO - Sync 1 DAGs
[2025-07-28T06:06:29.531+0000] {logging_mixin.py:188} INFO - [2025-07-28T06:06:29.530+0000] {dag.py:3823} INFO - Setting next_dagrun for bids_subjects to 2025-07-28 00:00:00+00:00, run_after=2025-07-29 00:00:00+00:00
[2025-07-28T06:06:29.554+0000] {processor.py:183} INFO - Processing /opt/airflow/dags/subject_4060_dag.py took 0.509 seconds
[2025-07-28T06:06:59.796+0000] {processor.py:161} INFO - Started process (PID=198) to work on /opt/airflow/dags/subject_4060_dag.py
[2025-07-28T06:06:59.799+0000] {processor.py:830} INFO - Processing file /opt/airflow/dags/subject_4060_dag.py for tasks to queue
[2025-07-28T06:06:59.800+0000] {logging_mixin.py:188} INFO - [2025-07-28T06:06:59.799+0000] {dagbag.py:538} INFO - Filling up the DagBag from /opt/airflow/dags/subject_4060_dag.py
[2025-07-28T06:07:00.150+0000] {processor.py:840} INFO - DAG(s) 'bids_subjects' retrieved from /opt/airflow/dags/subject_4060_dag.py
[2025-07-28T06:07:00.171+0000] {logging_mixin.py:188} INFO - [2025-07-28T06:07:00.171+0000] {dag.py:3036} INFO - Sync 1 DAGs
[2025-07-28T06:07:00.188+0000] {logging_mixin.py:188} INFO - [2025-07-28T06:07:00.188+0000] {dag.py:3823} INFO - Setting next_dagrun for bids_subjects to 2025-07-28 00:00:00+00:00, run_after=2025-07-29 00:00:00+00:00
[2025-07-28T06:07:00.207+0000] {processor.py:183} INFO - Processing /opt/airflow/dags/subject_4060_dag.py took 0.414 seconds
[2025-07-28T06:07:30.411+0000] {processor.py:161} INFO - Started process (PID=200) to work on /opt/airflow/dags/subject_4060_dag.py
[2025-07-28T06:07:30.412+0000] {processor.py:830} INFO - Processing file /opt/airflow/dags/subject_4060_dag.py for tasks to queue
[2025-07-28T06:07:30.413+0000] {logging_mixin.py:188} INFO - [2025-07-28T06:07:30.413+0000] {dagbag.py:538} INFO - Filling up the DagBag from /opt/airflow/dags/subject_4060_dag.py
[2025-07-28T06:07:30.772+0000] {processor.py:840} INFO - DAG(s) 'bids_subjects' retrieved from /opt/airflow/dags/subject_4060_dag.py
[2025-07-28T06:07:30.793+0000] {logging_mixin.py:188} INFO - [2025-07-28T06:07:30.793+0000] {dag.py:3036} INFO - Sync 1 DAGs
[2025-07-28T06:07:30.811+0000] {logging_mixin.py:188} INFO - [2025-07-28T06:07:30.811+0000] {dag.py:3823} INFO - Setting next_dagrun for bids_subjects to 2025-07-28 00:00:00+00:00, run_after=2025-07-29 00:00:00+00:00
[2025-07-28T06:07:30.839+0000] {processor.py:183} INFO - Processing /opt/airflow/dags/subject_4060_dag.py took 0.431 seconds
[2025-07-28T06:08:01.056+0000] {processor.py:161} INFO - Started process (PID=202) to work on /opt/airflow/dags/subject_4060_dag.py
[2025-07-28T06:08:01.057+0000] {processor.py:830} INFO - Processing file /opt/airflow/dags/subject_4060_dag.py for tasks to queue
[2025-07-28T06:08:01.058+0000] {logging_mixin.py:188} INFO - [2025-07-28T06:08:01.058+0000] {dagbag.py:538} INFO - Filling up the DagBag from /opt/airflow/dags/subject_4060_dag.py
[2025-07-28T06:08:01.388+0000] {processor.py:840} INFO - DAG(s) 'bids_subjects' retrieved from /opt/airflow/dags/subject_4060_dag.py
[2025-07-28T06:08:01.408+0000] {logging_mixin.py:188} INFO - [2025-07-28T06:08:01.408+0000] {dag.py:3036} INFO - Sync 1 DAGs
[2025-07-28T06:08:01.425+0000] {logging_mixin.py:188} INFO - [2025-07-28T06:08:01.425+0000] {dag.py:3823} INFO - Setting next_dagrun for bids_subjects to 2025-07-28 00:00:00+00:00, run_after=2025-07-29 00:00:00+00:00
[2025-07-28T06:08:01.442+0000] {processor.py:183} INFO - Processing /opt/airflow/dags/subject_4060_dag.py took 0.389 seconds
[2025-07-28T06:08:31.691+0000] {processor.py:161} INFO - Started process (PID=204) to work on /opt/airflow/dags/subject_4060_dag.py
[2025-07-28T06:08:31.692+0000] {processor.py:830} INFO - Processing file /opt/airflow/dags/subject_4060_dag.py for tasks to queue
[2025-07-28T06:08:31.693+0000] {logging_mixin.py:188} INFO - [2025-07-28T06:08:31.692+0000] {dagbag.py:538} INFO - Filling up the DagBag from /opt/airflow/dags/subject_4060_dag.py
[2025-07-28T06:08:32.029+0000] {processor.py:840} INFO - DAG(s) 'bids_subjects' retrieved from /opt/airflow/dags/subject_4060_dag.py
[2025-07-28T06:08:32.052+0000] {logging_mixin.py:188} INFO - [2025-07-28T06:08:32.051+0000] {dag.py:3036} INFO - Sync 1 DAGs
[2025-07-28T06:08:32.068+0000] {logging_mixin.py:188} INFO - [2025-07-28T06:08:32.068+0000] {dag.py:3823} INFO - Setting next_dagrun for bids_subjects to 2025-07-28 00:00:00+00:00, run_after=2025-07-29 00:00:00+00:00
[2025-07-28T06:08:32.085+0000] {processor.py:183} INFO - Processing /opt/airflow/dags/subject_4060_dag.py took 0.397 seconds
[2025-07-28T06:09:02.291+0000] {processor.py:161} INFO - Started process (PID=206) to work on /opt/airflow/dags/subject_4060_dag.py
[2025-07-28T06:09:02.292+0000] {processor.py:830} INFO - Processing file /opt/airflow/dags/subject_4060_dag.py for tasks to queue
[2025-07-28T06:09:02.293+0000] {logging_mixin.py:188} INFO - [2025-07-28T06:09:02.293+0000] {dagbag.py:538} INFO - Filling up the DagBag from /opt/airflow/dags/subject_4060_dag.py
[2025-07-28T06:09:02.661+0000] {processor.py:840} INFO - DAG(s) 'bids_subjects' retrieved from /opt/airflow/dags/subject_4060_dag.py
[2025-07-28T06:09:02.686+0000] {logging_mixin.py:188} INFO - [2025-07-28T06:09:02.685+0000] {dag.py:3036} INFO - Sync 1 DAGs
[2025-07-28T06:09:02.703+0000] {logging_mixin.py:188} INFO - [2025-07-28T06:09:02.703+0000] {dag.py:3823} INFO - Setting next_dagrun for bids_subjects to 2025-07-28 00:00:00+00:00, run_after=2025-07-29 00:00:00+00:00
[2025-07-28T06:09:02.724+0000] {processor.py:183} INFO - Processing /opt/airflow/dags/subject_4060_dag.py took 0.436 seconds
[2025-07-28T06:09:32.950+0000] {processor.py:161} INFO - Started process (PID=208) to work on /opt/airflow/dags/subject_4060_dag.py
[2025-07-28T06:09:32.951+0000] {processor.py:830} INFO - Processing file /opt/airflow/dags/subject_4060_dag.py for tasks to queue
[2025-07-28T06:09:32.952+0000] {logging_mixin.py:188} INFO - [2025-07-28T06:09:32.951+0000] {dagbag.py:538} INFO - Filling up the DagBag from /opt/airflow/dags/subject_4060_dag.py
[2025-07-28T06:09:33.284+0000] {processor.py:840} INFO - DAG(s) 'bids_subjects' retrieved from /opt/airflow/dags/subject_4060_dag.py
[2025-07-28T06:09:33.306+0000] {logging_mixin.py:188} INFO - [2025-07-28T06:09:33.305+0000] {dag.py:3036} INFO - Sync 1 DAGs
[2025-07-28T06:09:33.322+0000] {logging_mixin.py:188} INFO - [2025-07-28T06:09:33.322+0000] {dag.py:3823} INFO - Setting next_dagrun for bids_subjects to 2025-07-28 00:00:00+00:00, run_after=2025-07-29 00:00:00+00:00
[2025-07-28T06:09:33.343+0000] {processor.py:183} INFO - Processing /opt/airflow/dags/subject_4060_dag.py took 0.397 seconds
[2025-07-28T06:09:46.477+0000] {processor.py:161} INFO - Started process (PID=210) to work on /opt/airflow/dags/subject_4060_dag.py
[2025-07-28T06:09:46.478+0000] {processor.py:830} INFO - Processing file /opt/airflow/dags/subject_4060_dag.py for tasks to queue
[2025-07-28T06:09:46.479+0000] {logging_mixin.py:188} INFO - [2025-07-28T06:09:46.479+0000] {dagbag.py:538} INFO - Filling up the DagBag from /opt/airflow/dags/subject_4060_dag.py
[2025-07-28T06:09:46.829+0000] {processor.py:840} INFO - DAG(s) 'bids_subjects_6040' retrieved from /opt/airflow/dags/subject_4060_dag.py
[2025-07-28T06:09:46.928+0000] {logging_mixin.py:188} INFO - [2025-07-28T06:09:46.927+0000] {override.py:1769} INFO - Created Permission View: can delete on DAG:bids_subjects_6040
[2025-07-28T06:09:46.941+0000] {logging_mixin.py:188} INFO - [2025-07-28T06:09:46.941+0000] {override.py:1769} INFO - Created Permission View: can edit on DAG:bids_subjects_6040
[2025-07-28T06:09:46.951+0000] {logging_mixin.py:188} INFO - [2025-07-28T06:09:46.950+0000] {override.py:1769} INFO - Created Permission View: can read on DAG:bids_subjects_6040
[2025-07-28T06:09:46.952+0000] {logging_mixin.py:188} INFO - [2025-07-28T06:09:46.951+0000] {dag.py:3036} INFO - Sync 1 DAGs
[2025-07-28T06:09:46.969+0000] {logging_mixin.py:188} INFO - [2025-07-28T06:09:46.968+0000] {dag.py:3058} INFO - Creating ORM DAG for bids_subjects_6040
[2025-07-28T06:09:46.979+0000] {logging_mixin.py:188} INFO - [2025-07-28T06:09:46.978+0000] {dag.py:3823} INFO - Setting next_dagrun for bids_subjects_6040 to 2025-07-27 00:00:00+00:00, run_after=2025-07-28 00:00:00+00:00
[2025-07-28T06:09:46.995+0000] {processor.py:183} INFO - Processing /opt/airflow/dags/subject_4060_dag.py took 0.521 seconds
[2025-07-28T06:10:17.233+0000] {processor.py:161} INFO - Started process (PID=212) to work on /opt/airflow/dags/subject_4060_dag.py
[2025-07-28T06:10:17.234+0000] {processor.py:830} INFO - Processing file /opt/airflow/dags/subject_4060_dag.py for tasks to queue
[2025-07-28T06:10:17.235+0000] {logging_mixin.py:188} INFO - [2025-07-28T06:10:17.235+0000] {dagbag.py:538} INFO - Filling up the DagBag from /opt/airflow/dags/subject_4060_dag.py
[2025-07-28T06:10:17.579+0000] {processor.py:840} INFO - DAG(s) 'bids_subjects_6040' retrieved from /opt/airflow/dags/subject_4060_dag.py
[2025-07-28T06:10:17.605+0000] {logging_mixin.py:188} INFO - [2025-07-28T06:10:17.604+0000] {dag.py:3036} INFO - Sync 1 DAGs
[2025-07-28T06:10:17.625+0000] {logging_mixin.py:188} INFO - [2025-07-28T06:10:17.624+0000] {dag.py:3823} INFO - Setting next_dagrun for bids_subjects_6040 to 2025-07-27 00:00:00+00:00, run_after=2025-07-28 00:00:00+00:00
[2025-07-28T06:10:17.632+0000] {processor.py:186} ERROR - Got an exception! Propagating...
Traceback (most recent call last):
  File "/home/airflow/.local/lib/python3.8/site-packages/airflow/dag_processing/processor.py", line 182, in _run_file_processor
    _handle_dag_file_processing()
  File "/home/airflow/.local/lib/python3.8/site-packages/airflow/dag_processing/processor.py", line 163, in _handle_dag_file_processing
    result: tuple[int, int] = dag_file_processor.process_file(
  File "/home/airflow/.local/lib/python3.8/site-packages/airflow/utils/session.py", line 79, in wrapper
    return func(*args, session=session, **kwargs)
  File "/home/airflow/.local/lib/python3.8/site-packages/airflow/dag_processing/processor.py", line 859, in process_file
    serialize_errors = DagFileProcessor.save_dag_to_db(
  File "/home/airflow/.local/lib/python3.8/site-packages/airflow/api_internal/internal_api_call.py", line 114, in wrapper
    return func(*args, **kwargs)
  File "/home/airflow/.local/lib/python3.8/site-packages/airflow/utils/session.py", line 79, in wrapper
    return func(*args, session=session, **kwargs)
  File "/home/airflow/.local/lib/python3.8/site-packages/airflow/dag_processing/processor.py", line 895, in save_dag_to_db
    import_errors = DagBag._sync_to_db(dags=dags, processor_subdir=dag_directory, session=session)
  File "/home/airflow/.local/lib/python3.8/site-packages/airflow/utils/session.py", line 76, in wrapper
    return func(*args, **kwargs)
  File "/home/airflow/.local/lib/python3.8/site-packages/airflow/models/dagbag.py", line 657, in _sync_to_db
    for attempt in run_with_db_retries(logger=log):
  File "/home/airflow/.local/lib/python3.8/site-packages/tenacity/__init__.py", line 347, in __iter__
    do = self.iter(retry_state=retry_state)
  File "/home/airflow/.local/lib/python3.8/site-packages/tenacity/__init__.py", line 314, in iter
    return fut.result()
  File "/usr/local/lib/python3.8/concurrent/futures/_base.py", line 437, in result
    return self.__get_result()
  File "/usr/local/lib/python3.8/concurrent/futures/_base.py", line 389, in __get_result
    raise self._exception
  File "/home/airflow/.local/lib/python3.8/site-packages/airflow/models/dagbag.py", line 673, in _sync_to_db
    DAG.bulk_write_to_db(dags.values(), processor_subdir=processor_subdir, session=session)
  File "/home/airflow/.local/lib/python3.8/site-packages/airflow/utils/session.py", line 76, in wrapper
    return func(*args, **kwargs)
  File "/home/airflow/.local/lib/python3.8/site-packages/airflow/models/dag.py", line 3147, in bulk_write_to_db
    DagCode.bulk_sync_to_db(filelocs, session=session)
  File "/home/airflow/.local/lib/python3.8/site-packages/airflow/utils/session.py", line 76, in wrapper
    return func(*args, **kwargs)
  File "/home/airflow/.local/lib/python3.8/site-packages/airflow/models/dagcode.py", line 119, in bulk_sync_to_db
    os.path.getmtime(correct_maybe_zipped(fileloc)), tz=timezone.utc
  File "/usr/local/lib/python3.8/genericpath.py", line 55, in getmtime
    return os.stat(filename).st_mtime
FileNotFoundError: [Errno 2] No such file or directory: '/opt/airflow/dags/subject_4060_dag.py'
